{"/home/travis/build/npmtest/node-npmtest-preprocessor/test.js":{"path":"/home/travis/build/npmtest/node-npmtest-preprocessor/test.js","s":{"1":2,"2":2,"3":2,"4":2,"5":2,"6":2,"7":2,"8":1,"9":2,"10":2,"11":1,"12":1,"13":1,"14":1,"15":2,"16":2,"17":2,"18":2,"19":1,"20":1,"21":2,"22":2,"23":2,"24":1,"25":1,"26":1,"27":1,"28":1,"29":1,"30":1,"31":1,"32":1,"33":1,"34":1,"35":1,"36":1,"37":1,"38":1,"39":2,"40":2,"41":1,"42":2,"43":2,"44":1,"45":2,"46":2,"47":1,"48":2,"49":2,"50":1,"51":1,"52":1,"53":1,"54":1},"b":{"1":[2,1,1,1],"2":[1,1,1,1],"3":[1,1],"4":[1,1],"5":[1,1],"6":[1,1],"7":[1,1],"8":[1,1],"9":[1,1],"10":[1,1,1],"11":[1,1],"12":[1,1],"13":[1,1],"14":[1,1],"15":[1,1],"16":[1,1],"17":[1,1]},"f":{"1":2,"2":2,"3":2,"4":2,"5":2,"6":1,"7":1,"8":1,"9":2,"10":2,"11":2,"12":2,"13":1},"fnMap":{"1":{"name":"(anonymous_1)","line":12,"loc":{"start":{"line":12,"column":1},"end":{"line":12,"column":13}}},"2":{"name":"(anonymous_2)","line":19,"loc":{"start":{"line":19,"column":5},"end":{"line":19,"column":17}}},"3":{"name":"(anonymous_3)","line":23,"loc":{"start":{"line":23,"column":24},"end":{"line":23,"column":36}}},"4":{"name":"(anonymous_4)","line":61,"loc":{"start":{"line":61,"column":5},"end":{"line":61,"column":17}}},"5":{"name":"(anonymous_5)","line":82,"loc":{"start":{"line":82,"column":5},"end":{"line":82,"column":17}}},"6":{"name":"(anonymous_6)","line":91,"loc":{"start":{"line":91,"column":77},"end":{"line":94,"column":10}}},"7":{"name":"(anonymous_7)","line":112,"loc":{"start":{"line":112,"column":83},"end":{"line":115,"column":10}},"skip":true},"8":{"name":"(anonymous_8)","line":123,"loc":{"start":{"line":123,"column":77},"end":{"line":126,"column":10}},"skip":true},"9":{"name":"(anonymous_9)","line":139,"loc":{"start":{"line":139,"column":12},"end":{"line":139,"column":40}},"skip":true},"10":{"name":"(anonymous_10)","line":147,"loc":{"start":{"line":147,"column":77},"end":{"line":150,"column":10}},"skip":true},"11":{"name":"(anonymous_11)","line":158,"loc":{"start":{"line":158,"column":83},"end":{"line":161,"column":10}},"skip":true},"12":{"name":"(anonymous_12)","line":169,"loc":{"start":{"line":169,"column":79},"end":{"line":172,"column":10}},"skip":true},"13":{"name":"(anonymous_13)","line":180,"loc":{"start":{"line":180,"column":75},"end":{"line":183,"column":10}},"skip":true}},"statementMap":{"1":{"start":{"line":12,"column":0},"end":{"line":195,"column":5}},"2":{"start":{"line":14,"column":4},"end":{"line":14,"column":14}},"3":{"start":{"line":19,"column":4},"end":{"line":56,"column":9}},"4":{"start":{"line":21,"column":8},"end":{"line":21,"column":19}},"5":{"start":{"line":23,"column":8},"end":{"line":35,"column":13}},"6":{"start":{"line":24,"column":12},"end":{"line":34,"column":13}},"7":{"start":{"line":25,"column":16},"end":{"line":28,"column":30}},"8":{"start":{"line":30,"column":16},"end":{"line":33,"column":27}},"9":{"start":{"line":37,"column":8},"end":{"line":39,"column":21}},"10":{"start":{"line":40,"column":8},"end":{"line":53,"column":9}},"11":{"start":{"line":43,"column":12},"end":{"line":46,"column":14}},"12":{"start":{"line":47,"column":12},"end":{"line":47,"column":18}},"13":{"start":{"line":50,"column":12},"end":{"line":51,"column":33}},"14":{"start":{"line":52,"column":12},"end":{"line":52,"column":18}},"15":{"start":{"line":55,"column":8},"end":{"line":55,"column":35}},"16":{"start":{"line":61,"column":4},"end":{"line":63,"column":9}},"17":{"start":{"line":62,"column":8},"end":{"line":62,"column":15}},"18":{"start":{"line":64,"column":4},"end":{"line":77,"column":5}},"19":{"start":{"line":70,"column":8},"end":{"line":70,"column":14}},"20":{"start":{"line":76,"column":8},"end":{"line":76,"column":14}},"21":{"start":{"line":82,"column":4},"end":{"line":84,"column":9}},"22":{"start":{"line":83,"column":8},"end":{"line":83,"column":15}},"23":{"start":{"line":85,"column":4},"end":{"line":194,"column":5}},"24":{"start":{"line":91,"column":8},"end":{"line":99,"column":10}},"25":{"start":{"line":98,"column":12},"end":{"line":98,"column":35}},"26":{"start":{"line":102,"column":8},"end":{"line":104,"column":63}},"27":{"start":{"line":105,"column":8},"end":{"line":105,"column":14}},"28":{"start":{"line":112,"column":8},"end":{"line":121,"column":10},"skip":true},"29":{"start":{"line":119,"column":12},"end":{"line":119,"column":55},"skip":true},"30":{"start":{"line":120,"column":12},"end":{"line":120,"column":48},"skip":true},"31":{"start":{"line":123,"column":8},"end":{"line":136,"column":10},"skip":true},"32":{"start":{"line":130,"column":12},"end":{"line":130,"column":76},"skip":true},"33":{"start":{"line":131,"column":12},"end":{"line":131,"column":73},"skip":true},"34":{"start":{"line":132,"column":12},"end":{"line":132,"column":74},"skip":true},"35":{"start":{"line":133,"column":12},"end":{"line":133,"column":79},"skip":true},"36":{"start":{"line":134,"column":12},"end":{"line":134,"column":25},"skip":true},"37":{"start":{"line":135,"column":12},"end":{"line":135,"column":45},"skip":true},"38":{"start":{"line":138,"column":8},"end":{"line":145,"column":14},"skip":true},"39":{"start":{"line":143,"column":16},"end":{"line":143,"column":29},"skip":true},"40":{"start":{"line":144,"column":16},"end":{"line":144,"column":55},"skip":true},"41":{"start":{"line":147,"column":8},"end":{"line":156,"column":10},"skip":true},"42":{"start":{"line":154,"column":12},"end":{"line":154,"column":25},"skip":true},"43":{"start":{"line":155,"column":12},"end":{"line":155,"column":45},"skip":true},"44":{"start":{"line":158,"column":8},"end":{"line":167,"column":10},"skip":true},"45":{"start":{"line":165,"column":12},"end":{"line":165,"column":25},"skip":true},"46":{"start":{"line":166,"column":12},"end":{"line":166,"column":48},"skip":true},"47":{"start":{"line":169,"column":8},"end":{"line":178,"column":10},"skip":true},"48":{"start":{"line":176,"column":12},"end":{"line":176,"column":25},"skip":true},"49":{"start":{"line":177,"column":12},"end":{"line":177,"column":46},"skip":true},"50":{"start":{"line":180,"column":8},"end":{"line":189,"column":10},"skip":true},"51":{"start":{"line":187,"column":12},"end":{"line":187,"column":94},"skip":true},"52":{"start":{"line":188,"column":12},"end":{"line":188,"column":48},"skip":true},"53":{"start":{"line":192,"column":8},"end":{"line":192,"column":35},"skip":true},"54":{"start":{"line":193,"column":8},"end":{"line":193,"column":14},"skip":true}},"branchMap":{"1":{"line":25,"type":"binary-expr","locations":[{"start":{"line":25,"column":23},"end":{"line":25,"column":62}},{"start":{"line":26,"column":20},"end":{"line":26,"column":70}},{"start":{"line":27,"column":20},"end":{"line":27,"column":71}},{"start":{"line":28,"column":20},"end":{"line":28,"column":29}}]},"2":{"line":30,"type":"binary-expr","locations":[{"start":{"line":30,"column":23},"end":{"line":30,"column":37}},{"start":{"line":31,"column":20},"end":{"line":31,"column":61}},{"start":{"line":32,"column":20},"end":{"line":32,"column":70}},{"start":{"line":33,"column":20},"end":{"line":33,"column":26}}]},"3":{"line":37,"type":"cond-expr","locations":[{"start":{"line":38,"column":14},"end":{"line":38,"column":20}},{"start":{"line":39,"column":14},"end":{"line":39,"column":20}}]},"4":{"line":40,"type":"switch","locations":[{"start":{"line":42,"column":8},"end":{"line":47,"column":18}},{"start":{"line":49,"column":8},"end":{"line":52,"column":18}}]},"5":{"line":44,"type":"binary-expr","locations":[{"start":{"line":44,"column":16},"end":{"line":44,"column":44}},{"start":{"line":44,"column":48},"end":{"line":44,"column":66}}]},"6":{"line":50,"type":"binary-expr","locations":[{"start":{"line":50,"column":21},"end":{"line":50,"column":49}},{"start":{"line":50,"column":53},"end":{"line":50,"column":72}}]},"7":{"line":64,"type":"switch","locations":[{"start":{"line":69,"column":4},"end":{"line":70,"column":14}},{"start":{"line":75,"column":4},"end":{"line":76,"column":14}}]},"8":{"line":85,"type":"switch","locations":[{"start":{"line":90,"column":4},"end":{"line":105,"column":14}},{"start":{"line":111,"column":4},"end":{"line":193,"column":14},"skip":true}]},"9":{"line":91,"type":"binary-expr","locations":[{"start":{"line":91,"column":42},"end":{"line":91,"column":73}},{"start":{"line":91,"column":77},"end":{"line":99,"column":9}}]},"10":{"line":102,"type":"binary-expr","locations":[{"start":{"line":102,"column":18},"end":{"line":102,"column":32}},{"start":{"line":103,"column":12},"end":{"line":103,"column":53}},{"start":{"line":104,"column":12},"end":{"line":104,"column":61}}]},"11":{"line":112,"type":"binary-expr","locations":[{"start":{"line":112,"column":45},"end":{"line":112,"column":79},"skip":true},{"start":{"line":112,"column":83},"end":{"line":121,"column":9},"skip":true}]},"12":{"line":123,"type":"binary-expr","locations":[{"start":{"line":123,"column":42},"end":{"line":123,"column":73},"skip":true},{"start":{"line":123,"column":77},"end":{"line":136,"column":9},"skip":true}]},"13":{"line":138,"type":"binary-expr","locations":[{"start":{"line":138,"column":48},"end":{"line":138,"column":85},"skip":true},{"start":{"line":139,"column":12},"end":{"line":145,"column":13},"skip":true}]},"14":{"line":147,"type":"binary-expr","locations":[{"start":{"line":147,"column":42},"end":{"line":147,"column":73},"skip":true},{"start":{"line":147,"column":77},"end":{"line":156,"column":9},"skip":true}]},"15":{"line":158,"type":"binary-expr","locations":[{"start":{"line":158,"column":45},"end":{"line":158,"column":79},"skip":true},{"start":{"line":158,"column":83},"end":{"line":167,"column":9},"skip":true}]},"16":{"line":169,"type":"binary-expr","locations":[{"start":{"line":169,"column":43},"end":{"line":169,"column":75},"skip":true},{"start":{"line":169,"column":79},"end":{"line":178,"column":9},"skip":true}]},"17":{"line":180,"type":"binary-expr","locations":[{"start":{"line":180,"column":41},"end":{"line":180,"column":71},"skip":true},{"start":{"line":180,"column":75},"end":{"line":189,"column":9},"skip":true}]}},"code":["/* istanbul instrument in package npmtest_preprocessor */","/*jslint","    bitwise: true,","    browser: true,","    maxerr: 8,","    maxlen: 96,","    node: true,","    nomen: true,","    regexp: true,","    stupid: true","*/","(function () {","    'use strict';","    var local;","","","","    // run shared js-env code - pre-init","    (function () {","        // init local","        local = {};","        // init modeJs","        local.modeJs = (function () {","            try {","                return typeof navigator.userAgent === 'string' &&","                    typeof document.querySelector('body') === 'object' &&","                    typeof XMLHttpRequest.prototype.open === 'function' &&","                    'browser';","            } catch (errorCaughtBrowser) {","                return module.exports &&","                    typeof process.versions.node === 'string' &&","                    typeof require('http').createServer === 'function' &&","                    'node';","            }","        }());","        // init global","        local.global = local.modeJs === 'browser'","            ? window","            : global;","        switch (local.modeJs) {","        // re-init local from window.local","        case 'browser':","            local = local.global.utility2.objectSetDefault(","                local.global.utility2_rollup || local.global.local,","                local.global.utility2","            );","            break;","        // re-init local from example.js","        case 'node':","            local = (local.global.utility2_rollup || require('utility2'))","                .requireReadme();","            break;","        }","        // export local","        local.global.local = local;","    }());","","","","    // run shared js-env code - function","    (function () {","        return;","    }());","    switch (local.modeJs) {","","","","    // run browser js-env code - function","    case 'browser':","        break;","","","","    // run node js-env code - function","    case 'node':","        break;","    }","","","","    // run shared js-env code - post-init","    (function () {","        return;","    }());","    switch (local.modeJs) {","","","","    // run browser js-env code - post-init","    case 'browser':","        local.testCase_browser_nullCase = local.testCase_browser_nullCase || function (","            options,","            onError","        ) {","        /*","         * this function will test browsers's null-case handling-behavior-behavior","         */","            onError(null, options);","        };","","        // run tests","        local.nop(local.modeTest &&","            document.querySelector('#testRunButton1') &&","            document.querySelector('#testRunButton1').click());","        break;","","","","    // run node js-env code - post-init","    /* istanbul ignore next */","    case 'node':","        local.testCase_buildApidoc_default = local.testCase_buildApidoc_default || function (","            options,","            onError","        ) {","        /*","         * this function will test buildApidoc's default handling-behavior-behavior","         */","            options = { modulePathList: module.paths };","            local.buildApidoc(options, onError);","        };","","        local.testCase_buildApp_default = local.testCase_buildApp_default || function (","            options,","            onError","        ) {","        /*","         * this function will test buildApp's default handling-behavior-behavior","         */","            local.testCase_buildReadme_default(options, local.onErrorThrow);","            local.testCase_buildLib_default(options, local.onErrorThrow);","            local.testCase_buildTest_default(options, local.onErrorThrow);","            local.testCase_buildCustomOrg_default(options, local.onErrorThrow);","            options = [];","            local.buildApp(options, onError);","        };","","        local.testCase_buildCustomOrg_default = local.testCase_buildCustomOrg_default ||","            function (options, onError) {","            /*","             * this function will test buildCustomOrg's default handling-behavior","             */","                options = {};","                local.buildCustomOrg(options, onError);","            };","","        local.testCase_buildLib_default = local.testCase_buildLib_default || function (","            options,","            onError","        ) {","        /*","         * this function will test buildLib's default handling-behavior","         */","            options = {};","            local.buildLib(options, onError);","        };","","        local.testCase_buildReadme_default = local.testCase_buildReadme_default || function (","            options,","            onError","        ) {","        /*","         * this function will test buildReadme's default handling-behavior-behavior","         */","            options = {};","            local.buildReadme(options, onError);","        };","","        local.testCase_buildTest_default = local.testCase_buildTest_default || function (","            options,","            onError","        ) {","        /*","         * this function will test buildTest's default handling-behavior","         */","            options = {};","            local.buildTest(options, onError);","        };","","        local.testCase_webpage_default = local.testCase_webpage_default || function (","            options,","            onError","        ) {","        /*","         * this function will test webpage's default handling-behavior","         */","            options = { modeCoverageMerge: true, url: local.serverLocalHost + '?modeTest=1' };","            local.browserTest(options, onError);","        };","","        // run test-server","        local.testRunServer(local);","        break;","    }","}());",""],"l":{"12":2,"14":2,"19":2,"21":2,"23":2,"24":2,"25":2,"30":1,"37":2,"40":2,"43":1,"47":1,"50":1,"52":1,"55":2,"61":2,"62":2,"64":2,"70":1,"76":1,"82":2,"83":2,"85":2,"91":1,"98":1,"102":1,"105":1,"112":1,"119":1,"120":1,"123":1,"130":1,"131":1,"132":1,"133":1,"134":1,"135":1,"138":1,"143":2,"144":2,"147":1,"154":2,"155":2,"158":1,"165":2,"166":2,"169":1,"176":2,"177":2,"180":1,"187":1,"188":1,"192":1,"193":1}},"/home/travis/build/npmtest/node-npmtest-preprocessor/lib.npmtest_preprocessor.js":{"path":"/home/travis/build/npmtest/node-npmtest-preprocessor/lib.npmtest_preprocessor.js","s":{"1":2,"2":2,"3":2,"4":2,"5":2,"6":2,"7":2,"8":1,"9":2,"10":2,"11":2,"12":2,"13":1,"14":1,"15":1,"16":1},"b":{"1":[2,1,1,1],"2":[1,1,1,1],"3":[1,1],"4":[2,2],"5":[1,1]},"f":{"1":2,"2":2,"3":2},"fnMap":{"1":{"name":"(anonymous_1)","line":12,"loc":{"start":{"line":12,"column":1},"end":{"line":12,"column":13}}},"2":{"name":"(anonymous_2)","line":19,"loc":{"start":{"line":19,"column":5},"end":{"line":19,"column":17}}},"3":{"name":"(anonymous_3)","line":23,"loc":{"start":{"line":23,"column":24},"end":{"line":23,"column":36}}}},"statementMap":{"1":{"start":{"line":12,"column":0},"end":{"line":53,"column":5}},"2":{"start":{"line":14,"column":4},"end":{"line":14,"column":14}},"3":{"start":{"line":19,"column":4},"end":{"line":52,"column":9}},"4":{"start":{"line":21,"column":8},"end":{"line":21,"column":19}},"5":{"start":{"line":23,"column":8},"end":{"line":35,"column":13}},"6":{"start":{"line":24,"column":12},"end":{"line":34,"column":13}},"7":{"start":{"line":25,"column":16},"end":{"line":28,"column":30}},"8":{"start":{"line":30,"column":16},"end":{"line":33,"column":27}},"9":{"start":{"line":37,"column":8},"end":{"line":39,"column":21}},"10":{"start":{"line":41,"column":8},"end":{"line":41,"column":54}},"11":{"start":{"line":43,"column":8},"end":{"line":43,"column":57}},"12":{"start":{"line":45,"column":8},"end":{"line":51,"column":9}},"13":{"start":{"line":46,"column":12},"end":{"line":46,"column":63}},"14":{"start":{"line":48,"column":12},"end":{"line":48,"column":35}},"15":{"start":{"line":49,"column":12},"end":{"line":49,"column":49}},"16":{"start":{"line":50,"column":12},"end":{"line":50,"column":43}}},"branchMap":{"1":{"line":25,"type":"binary-expr","locations":[{"start":{"line":25,"column":23},"end":{"line":25,"column":62}},{"start":{"line":26,"column":20},"end":{"line":26,"column":70}},{"start":{"line":27,"column":20},"end":{"line":27,"column":71}},{"start":{"line":28,"column":20},"end":{"line":28,"column":29}}]},"2":{"line":30,"type":"binary-expr","locations":[{"start":{"line":30,"column":23},"end":{"line":30,"column":37}},{"start":{"line":31,"column":20},"end":{"line":31,"column":61}},{"start":{"line":32,"column":20},"end":{"line":32,"column":70}},{"start":{"line":33,"column":20},"end":{"line":33,"column":26}}]},"3":{"line":37,"type":"cond-expr","locations":[{"start":{"line":38,"column":14},"end":{"line":38,"column":20}},{"start":{"line":39,"column":14},"end":{"line":39,"column":20}}]},"4":{"line":41,"type":"binary-expr","locations":[{"start":{"line":41,"column":16},"end":{"line":41,"column":44}},{"start":{"line":41,"column":48},"end":{"line":41,"column":53}}]},"5":{"line":45,"type":"if","locations":[{"start":{"line":45,"column":8},"end":{"line":45,"column":8}},{"start":{"line":45,"column":8},"end":{"line":45,"column":8}}]}},"code":["/* istanbul instrument in package npmtest_preprocessor */","/*jslint","    bitwise: true,","    browser: true,","    maxerr: 8,","    maxlen: 96,","    node: true,","    nomen: true,","    regexp: true,","    stupid: true","*/","(function () {","    'use strict';","    var local;","","","","    // run shared js-env code - pre-init","    (function () {","        // init local","        local = {};","        // init modeJs","        local.modeJs = (function () {","            try {","                return typeof navigator.userAgent === 'string' &&","                    typeof document.querySelector('body') === 'object' &&","                    typeof XMLHttpRequest.prototype.open === 'function' &&","                    'browser';","            } catch (errorCaughtBrowser) {","                return module.exports &&","                    typeof process.versions.node === 'string' &&","                    typeof require('http').createServer === 'function' &&","                    'node';","            }","        }());","        // init global","        local.global = local.modeJs === 'browser'","            ? window","            : global;","        // init utility2_rollup","        local = local.global.utility2_rollup || local;","        // init lib","        local.local = local.npmtest_preprocessor = local;","        // init exports","        if (local.modeJs === 'browser') {","            local.global.utility2_npmtest_preprocessor = local;","        } else {","            module.exports = local;","            module.exports.__dirname = __dirname;","            module.exports.module = module;","        }","    }());","}());",""],"l":{"12":2,"14":2,"19":2,"21":2,"23":2,"24":2,"25":2,"30":1,"37":2,"41":2,"43":2,"45":2,"46":1,"48":1,"49":1,"50":1}},"/home/travis/build/npmtest/node-npmtest-preprocessor/example.js":{"path":"/home/travis/build/npmtest/node-npmtest-preprocessor/example.js","s":{"1":2,"2":2,"3":2,"4":2,"5":2,"6":2,"7":2,"8":1,"9":2,"10":2,"11":2,"12":2,"13":1,"14":2,"15":2,"16":2,"17":2,"18":2,"19":0,"20":2,"21":1,"22":1,"23":1,"24":1,"25":1,"26":0,"27":0,"28":1,"29":1,"30":2,"31":0,"32":0,"33":0,"34":1,"35":2,"36":2,"37":3,"38":3,"39":3,"40":3,"41":0,"42":3,"43":3,"44":3,"45":1,"46":3,"47":1,"48":1,"49":1,"50":1,"51":1,"52":1,"53":1,"54":1,"55":1,"56":1,"57":0,"58":1,"59":6,"60":6,"61":1,"62":2,"63":0,"64":2,"65":1,"66":1,"67":0,"68":0,"69":0,"70":0,"71":0,"72":0,"73":0,"74":0,"75":0,"76":0,"77":0,"78":0,"79":0,"80":0,"81":0,"82":0,"83":0},"b":{"1":[2,1,1,1],"2":[1,1,1,1],"3":[1,1],"4":[2,2],"5":[1,1],"6":[1,1],"7":[2,0],"8":[2,1,1,1,1,1],"9":[0,2,0],"10":[1,1],"11":[2,1,1],"12":[1,0],"13":[0,2],"14":[2,0,0,0,0,0,0],"15":[0,3],"16":[3,0],"17":[1,1],"18":[0,1],"19":[1,2,0,2],"20":[1,0],"21":[1,1],"22":[0,0],"23":[0,0],"24":[0,0],"25":[0,0],"26":[0,0],"27":[0,0],"28":[0,0]},"f":{"1":2,"2":2,"3":2,"4":2,"5":2,"6":2,"7":3,"8":3,"9":3,"10":1,"11":6,"12":0},"fnMap":{"1":{"name":"(anonymous_1)","line":26,"loc":{"start":{"line":26,"column":1},"end":{"line":26,"column":13}}},"2":{"name":"(anonymous_2)","line":33,"loc":{"start":{"line":33,"column":5},"end":{"line":33,"column":17}}},"3":{"name":"(anonymous_3)","line":37,"loc":{"start":{"line":37,"column":24},"end":{"line":37,"column":36}}},"4":{"name":"(anonymous_4)","line":69,"loc":{"start":{"line":69,"column":31},"end":{"line":69,"column":48}},"skip":true},"5":{"name":"(anonymous_5)","line":78,"loc":{"start":{"line":78,"column":26},"end":{"line":78,"column":45}},"skip":true},"6":{"name":"(anonymous_6)","line":123,"loc":{"start":{"line":123,"column":33},"end":{"line":123,"column":48}},"skip":true},"7":{"name":"(anonymous_7)","line":125,"loc":{"start":{"line":125,"column":27},"end":{"line":125,"column":39}},"skip":true},"8":{"name":"(anonymous_8)","line":133,"loc":{"start":{"line":133,"column":59},"end":{"line":133,"column":74}},"skip":true},"9":{"name":"(anonymous_9)","line":143,"loc":{"start":{"line":143,"column":45},"end":{"line":143,"column":62}},"skip":true},"10":{"name":"(anonymous_10)","line":144,"loc":{"start":{"line":144,"column":73},"end":{"line":144,"column":92}},"skip":true},"11":{"name":"(anonymous_11)","line":272,"loc":{"start":{"line":272,"column":51},"end":{"line":272,"column":77}},"skip":true},"12":{"name":"(anonymous_12)","line":315,"loc":{"start":{"line":315,"column":32},"end":{"line":315,"column":61}},"skip":true}},"statementMap":{"1":{"start":{"line":26,"column":0},"end":{"line":326,"column":5}},"2":{"start":{"line":28,"column":4},"end":{"line":28,"column":14}},"3":{"start":{"line":33,"column":4},"end":{"line":60,"column":9}},"4":{"start":{"line":35,"column":8},"end":{"line":35,"column":19}},"5":{"start":{"line":37,"column":8},"end":{"line":49,"column":13}},"6":{"start":{"line":38,"column":12},"end":{"line":48,"column":13}},"7":{"start":{"line":39,"column":16},"end":{"line":42,"column":30}},"8":{"start":{"line":44,"column":16},"end":{"line":47,"column":27}},"9":{"start":{"line":51,"column":8},"end":{"line":53,"column":21}},"10":{"start":{"line":55,"column":8},"end":{"line":57,"column":45}},"11":{"start":{"line":59,"column":8},"end":{"line":59,"column":35}},"12":{"start":{"line":61,"column":4},"end":{"line":325,"column":5}},"13":{"start":{"line":69,"column":8},"end":{"line":121,"column":10},"skip":true},"14":{"start":{"line":70,"column":12},"end":{"line":88,"column":13},"skip":true},"15":{"start":{"line":76,"column":16},"end":{"line":87,"column":19},"skip":true},"16":{"start":{"line":79,"column":20},"end":{"line":86,"column":21},"skip":true},"17":{"start":{"line":82,"column":24},"end":{"line":82,"column":43},"skip":true},"18":{"start":{"line":83,"column":24},"end":{"line":83,"column":30},"skip":true},"19":{"start":{"line":85,"column":24},"end":{"line":85,"column":49},"skip":true},"20":{"start":{"line":89,"column":12},"end":{"line":107,"column":13},"skip":true},"21":{"start":{"line":92,"column":16},"end":{"line":102,"column":17},"skip":true},"22":{"start":{"line":93,"column":20},"end":{"line":93,"column":86},"skip":true},"23":{"start":{"line":94,"column":20},"end":{"line":95,"column":45},"skip":true},"24":{"start":{"line":96,"column":20},"end":{"line":96,"column":42},"skip":true},"25":{"start":{"line":97,"column":20},"end":{"line":97,"column":48},"skip":true},"26":{"start":{"line":100,"column":20},"end":{"line":100,"column":85},"skip":true},"27":{"start":{"line":101,"column":20},"end":{"line":101,"column":96},"skip":true},"28":{"start":{"line":103,"column":16},"end":{"line":103,"column":22},"skip":true},"29":{"start":{"line":106,"column":16},"end":{"line":106,"column":22},"skip":true},"30":{"start":{"line":108,"column":12},"end":{"line":120,"column":13},"skip":true},"31":{"start":{"line":114,"column":16},"end":{"line":119,"column":17},"skip":true},"32":{"start":{"line":116,"column":20},"end":{"line":116,"column":78},"skip":true},"33":{"start":{"line":118,"column":20},"end":{"line":118,"column":47},"skip":true},"34":{"start":{"line":123,"column":8},"end":{"line":141,"column":11},"skip":true},"35":{"start":{"line":124,"column":12},"end":{"line":124,"column":54},"skip":true},"36":{"start":{"line":125,"column":12},"end":{"line":140,"column":14},"skip":true},"37":{"start":{"line":126,"column":16},"end":{"line":126,"column":28},"skip":true},"38":{"start":{"line":127,"column":16},"end":{"line":127,"column":69},"skip":true},"39":{"start":{"line":128,"column":16},"end":{"line":128,"column":75},"skip":true},"40":{"start":{"line":129,"column":16},"end":{"line":131,"column":17},"skip":true},"41":{"start":{"line":130,"column":20},"end":{"line":130,"column":27},"skip":true},"42":{"start":{"line":133,"column":16},"end":{"line":137,"column":36},"skip":true},"43":{"start":{"line":134,"column":20},"end":{"line":136,"column":55},"skip":true},"44":{"start":{"line":139,"column":16},"end":{"line":139,"column":57},"skip":true},"45":{"start":{"line":143,"column":8},"end":{"line":147,"column":11},"skip":true},"46":{"start":{"line":144,"column":12},"end":{"line":146,"column":15},"skip":true},"47":{"start":{"line":145,"column":16},"end":{"line":145,"column":70},"skip":true},"48":{"start":{"line":149,"column":8},"end":{"line":149,"column":31},"skip":true},"49":{"start":{"line":150,"column":8},"end":{"line":150,"column":14},"skip":true},"50":{"start":{"line":158,"column":8},"end":{"line":158,"column":31},"skip":true},"51":{"start":{"line":160,"column":8},"end":{"line":160,"column":33},"skip":true},"52":{"start":{"line":161,"column":8},"end":{"line":161,"column":37},"skip":true},"53":{"start":{"line":162,"column":8},"end":{"line":162,"column":35},"skip":true},"54":{"start":{"line":164,"column":8},"end":{"line":164,"column":50},"skip":true},"55":{"start":{"line":166,"column":8},"end":{"line":256,"column":2},"skip":true},"56":{"start":{"line":258,"column":8},"end":{"line":286,"column":9},"skip":true},"57":{"start":{"line":259,"column":12},"end":{"line":269,"column":14},"skip":true},"58":{"start":{"line":271,"column":12},"end":{"line":285,"column":19},"skip":true},"59":{"start":{"line":274,"column":20},"end":{"line":274,"column":35},"skip":true},"60":{"start":{"line":275,"column":20},"end":{"line":284,"column":21},"skip":true},"61":{"start":{"line":277,"column":24},"end":{"line":277,"column":64},"skip":true},"62":{"start":{"line":279,"column":24},"end":{"line":279,"column":40},"skip":true},"63":{"start":{"line":281,"column":24},"end":{"line":281,"column":40},"skip":true},"64":{"start":{"line":283,"column":24},"end":{"line":283,"column":39},"skip":true},"65":{"start":{"line":288,"column":8},"end":{"line":290,"column":9},"skip":true},"66":{"start":{"line":289,"column":12},"end":{"line":289,"column":18},"skip":true},"67":{"start":{"line":291,"column":8},"end":{"line":293,"column":54},"skip":true},"68":{"start":{"line":296,"column":8},"end":{"line":301,"column":37},"skip":true},"69":{"start":{"line":303,"column":8},"end":{"line":303,"column":82},"skip":true},"70":{"start":{"line":306,"column":8},"end":{"line":308,"column":9},"skip":true},"71":{"start":{"line":307,"column":12},"end":{"line":307,"column":82},"skip":true},"72":{"start":{"line":310,"column":8},"end":{"line":312,"column":9},"skip":true},"73":{"start":{"line":311,"column":12},"end":{"line":311,"column":18},"skip":true},"74":{"start":{"line":313,"column":8},"end":{"line":313,"column":54},"skip":true},"75":{"start":{"line":314,"column":8},"end":{"line":314,"column":69},"skip":true},"76":{"start":{"line":315,"column":8},"end":{"line":323,"column":36},"skip":true},"77":{"start":{"line":316,"column":12},"end":{"line":316,"column":61},"skip":true},"78":{"start":{"line":317,"column":12},"end":{"line":320,"column":13},"skip":true},"79":{"start":{"line":318,"column":16},"end":{"line":318,"column":75},"skip":true},"80":{"start":{"line":319,"column":16},"end":{"line":319,"column":23},"skip":true},"81":{"start":{"line":321,"column":12},"end":{"line":321,"column":38},"skip":true},"82":{"start":{"line":322,"column":12},"end":{"line":322,"column":27},"skip":true},"83":{"start":{"line":324,"column":8},"end":{"line":324,"column":14},"skip":true}},"branchMap":{"1":{"line":39,"type":"binary-expr","locations":[{"start":{"line":39,"column":23},"end":{"line":39,"column":62}},{"start":{"line":40,"column":20},"end":{"line":40,"column":70}},{"start":{"line":41,"column":20},"end":{"line":41,"column":71}},{"start":{"line":42,"column":20},"end":{"line":42,"column":29}}]},"2":{"line":44,"type":"binary-expr","locations":[{"start":{"line":44,"column":23},"end":{"line":44,"column":37}},{"start":{"line":45,"column":20},"end":{"line":45,"column":61}},{"start":{"line":46,"column":20},"end":{"line":46,"column":70}},{"start":{"line":47,"column":20},"end":{"line":47,"column":26}}]},"3":{"line":51,"type":"cond-expr","locations":[{"start":{"line":52,"column":14},"end":{"line":52,"column":20}},{"start":{"line":53,"column":14},"end":{"line":53,"column":20}}]},"4":{"line":55,"type":"binary-expr","locations":[{"start":{"line":55,"column":16},"end":{"line":55,"column":44}},{"start":{"line":55,"column":49},"end":{"line":57,"column":43}}]},"5":{"line":55,"type":"cond-expr","locations":[{"start":{"line":56,"column":14},"end":{"line":56,"column":56}},{"start":{"line":57,"column":14},"end":{"line":57,"column":43}}]},"6":{"line":61,"type":"switch","locations":[{"start":{"line":68,"column":4},"end":{"line":150,"column":14},"skip":true},{"start":{"line":156,"column":4},"end":{"line":324,"column":14},"skip":true}]},"7":{"line":70,"type":"if","locations":[{"start":{"line":70,"column":12},"end":{"line":70,"column":12},"skip":true},{"start":{"line":70,"column":12},"end":{"line":70,"column":12},"skip":true}]},"8":{"line":70,"type":"binary-expr","locations":[{"start":{"line":70,"column":16},"end":{"line":70,"column":22},"skip":true},{"start":{"line":70,"column":27},"end":{"line":70,"column":32},"skip":true},{"start":{"line":71,"column":20},"end":{"line":71,"column":39},"skip":true},{"start":{"line":72,"column":20},"end":{"line":72,"column":49},"skip":true},{"start":{"line":73,"column":20},"end":{"line":73,"column":58},"skip":true},{"start":{"line":74,"column":20},"end":{"line":74,"column":69},"skip":true}]},"9":{"line":79,"type":"switch","locations":[{"start":{"line":80,"column":20},"end":{"line":80,"column":33},"skip":true},{"start":{"line":81,"column":20},"end":{"line":83,"column":30},"skip":true},{"start":{"line":84,"column":20},"end":{"line":85,"column":49},"skip":true}]},"10":{"line":89,"type":"switch","locations":[{"start":{"line":90,"column":12},"end":{"line":103,"column":22},"skip":true},{"start":{"line":105,"column":12},"end":{"line":106,"column":22},"skip":true}]},"11":{"line":89,"type":"binary-expr","locations":[{"start":{"line":89,"column":20},"end":{"line":89,"column":25},"skip":true},{"start":{"line":89,"column":29},"end":{"line":89,"column":48},"skip":true},{"start":{"line":89,"column":52},"end":{"line":89,"column":74},"skip":true}]},"12":{"line":92,"type":"if","locations":[{"start":{"line":92,"column":16},"end":{"line":92,"column":16},"skip":true},{"start":{"line":92,"column":16},"end":{"line":92,"column":16},"skip":true}]},"13":{"line":108,"type":"if","locations":[{"start":{"line":108,"column":12},"end":{"line":108,"column":12},"skip":true},{"start":{"line":108,"column":12},"end":{"line":108,"column":12},"skip":true}]},"14":{"line":108,"type":"binary-expr","locations":[{"start":{"line":108,"column":16},"end":{"line":108,"column":61},"skip":true},{"start":{"line":108,"column":66},"end":{"line":108,"column":72},"skip":true},{"start":{"line":108,"column":77},"end":{"line":108,"column":82},"skip":true},{"start":{"line":109,"column":20},"end":{"line":109,"column":39},"skip":true},{"start":{"line":110,"column":20},"end":{"line":110,"column":49},"skip":true},{"start":{"line":111,"column":20},"end":{"line":111,"column":58},"skip":true},{"start":{"line":112,"column":20},"end":{"line":112,"column":68},"skip":true}]},"15":{"line":129,"type":"if","locations":[{"start":{"line":129,"column":16},"end":{"line":129,"column":16},"skip":true},{"start":{"line":129,"column":16},"end":{"line":129,"column":16},"skip":true}]},"16":{"line":134,"type":"cond-expr","locations":[{"start":{"line":135,"column":26},"end":{"line":135,"column":29},"skip":true},{"start":{"line":136,"column":26},"end":{"line":136,"column":54},"skip":true}]},"17":{"line":164,"type":"binary-expr","locations":[{"start":{"line":164,"column":27},"end":{"line":164,"column":43},"skip":true},{"start":{"line":164,"column":47},"end":{"line":164,"column":49},"skip":true}]},"18":{"line":258,"type":"if","locations":[{"start":{"line":258,"column":8},"end":{"line":258,"column":8},"skip":true},{"start":{"line":258,"column":8},"end":{"line":258,"column":8},"skip":true}]},"19":{"line":275,"type":"switch","locations":[{"start":{"line":276,"column":20},"end":{"line":277,"column":64},"skip":true},{"start":{"line":278,"column":20},"end":{"line":279,"column":40},"skip":true},{"start":{"line":280,"column":20},"end":{"line":281,"column":40},"skip":true},{"start":{"line":282,"column":20},"end":{"line":283,"column":39},"skip":true}]},"20":{"line":288,"type":"if","locations":[{"start":{"line":288,"column":8},"end":{"line":288,"column":8},"skip":true},{"start":{"line":288,"column":8},"end":{"line":288,"column":8},"skip":true}]},"21":{"line":288,"type":"binary-expr","locations":[{"start":{"line":288,"column":12},"end":{"line":288,"column":40},"skip":true},{"start":{"line":288,"column":44},"end":{"line":288,"column":67},"skip":true}]},"22":{"line":292,"type":"binary-expr","locations":[{"start":{"line":292,"column":12},"end":{"line":292,"column":50},"skip":true},{"start":{"line":293,"column":12},"end":{"line":293,"column":53},"skip":true}]},"23":{"line":297,"type":"binary-expr","locations":[{"start":{"line":297,"column":12},"end":{"line":297,"column":70},"skip":true},{"start":{"line":298,"column":12},"end":{"line":301,"column":36},"skip":true}]},"24":{"line":303,"type":"binary-expr","locations":[{"start":{"line":303,"column":43},"end":{"line":303,"column":75},"skip":true},{"start":{"line":303,"column":79},"end":{"line":303,"column":81},"skip":true}]},"25":{"line":306,"type":"if","locations":[{"start":{"line":306,"column":8},"end":{"line":306,"column":8},"skip":true},{"start":{"line":306,"column":8},"end":{"line":306,"column":8},"skip":true}]},"26":{"line":310,"type":"if","locations":[{"start":{"line":310,"column":8},"end":{"line":310,"column":8},"skip":true},{"start":{"line":310,"column":8},"end":{"line":310,"column":8},"skip":true}]},"27":{"line":313,"type":"binary-expr","locations":[{"start":{"line":313,"column":27},"end":{"line":313,"column":43},"skip":true},{"start":{"line":313,"column":47},"end":{"line":313,"column":53},"skip":true}]},"28":{"line":317,"type":"if","locations":[{"start":{"line":317,"column":12},"end":{"line":317,"column":12},"skip":true},{"start":{"line":317,"column":12},"end":{"line":317,"column":12},"skip":true}]}},"code":["/*","example.js","","quickstart example","","instruction","    1. save this script as example.js","    2. run the shell command:","        $ npm install npmtest-preprocessor && PORT=8081 node example.js","    3. play with the browser-demo on http://127.0.0.1:8081","*/","","","","/* istanbul instrument in package npmtest_preprocessor */","/*jslint","    bitwise: true,","    browser: true,","    maxerr: 8,","    maxlen: 96,","    node: true,","    nomen: true,","    regexp: true,","    stupid: true","*/","(function () {","    'use strict';","    var local;","","","","    // run shared js-env code - pre-init","    (function () {","        // init local","        local = {};","        // init modeJs","        local.modeJs = (function () {","            try {","                return typeof navigator.userAgent === 'string' &&","                    typeof document.querySelector('body') === 'object' &&","                    typeof XMLHttpRequest.prototype.open === 'function' &&","                    'browser';","            } catch (errorCaughtBrowser) {","                return module.exports &&","                    typeof process.versions.node === 'string' &&","                    typeof require('http').createServer === 'function' &&","                    'node';","            }","        }());","        // init global","        local.global = local.modeJs === 'browser'","            ? window","            : global;","        // init utility2_rollup","        local = local.global.utility2_rollup || (local.modeJs === 'browser'","            ? local.global.utility2_npmtest_preprocessor","            : global.utility2_moduleExports);","        // export local","        local.global.local = local;","    }());","    switch (local.modeJs) {","","","","    // post-init","    // run browser js-env code - post-init","    /* istanbul ignore next */","    case 'browser':","        local.testRunBrowser = function (event) {","            if (!event || (event &&","                    event.currentTarget &&","                    event.currentTarget.className &&","                    event.currentTarget.className.includes &&","                    event.currentTarget.className.includes('onreset'))) {","                // reset output","                Array.from(","                    document.querySelectorAll('body > .resettable')","                ).forEach(function (element) {","                    switch (element.tagName) {","                    case 'INPUT':","                    case 'TEXTAREA':","                        element.value = '';","                        break;","                    default:","                        element.textContent = '';","                    }","                });","            }","            switch (event && event.currentTarget && event.currentTarget.id) {","            case 'testRunButton1':","                // show tests","                if (document.querySelector('#testReportDiv1').style.display === 'none') {","                    document.querySelector('#testReportDiv1').style.display = 'block';","                    document.querySelector('#testRunButton1').textContent =","                        'hide internal test';","                    local.modeTest = true;","                    local.testRunDefault(local);","                // hide tests","                } else {","                    document.querySelector('#testReportDiv1').style.display = 'none';","                    document.querySelector('#testRunButton1').textContent = 'run internal test';","                }","                break;","            // custom-case","            default:","                break;","            }","            if (document.querySelector('#inputTextareaEval1') && (!event || (event &&","                    event.currentTarget &&","                    event.currentTarget.className &&","                    event.currentTarget.className.includes &&","                    event.currentTarget.className.includes('oneval')))) {","                // try to eval input-code","                try {","                    /*jslint evil: true*/","                    eval(document.querySelector('#inputTextareaEval1').value);","                } catch (errorCaught) {","                    console.error(errorCaught);","                }","            }","        };","        // log stderr and stdout to #outputTextareaStdout1","        ['error', 'log'].forEach(function (key) {","            console[key + '_original'] = console[key];","            console[key] = function () {","                var element;","                console[key + '_original'].apply(console, arguments);","                element = document.querySelector('#outputTextareaStdout1');","                if (!element) {","                    return;","                }","                // append text to #outputTextareaStdout1","                element.value += Array.from(arguments).map(function (arg) {","                    return typeof arg === 'string'","                        ? arg","                        : JSON.stringify(arg, null, 4);","                }).join(' ') + '\\n';","                // scroll textarea to bottom","                element.scrollTop = element.scrollHeight;","            };","        });","        // init event-handling","        ['change', 'click', 'keyup'].forEach(function (event) {","            Array.from(document.querySelectorAll('.on' + event)).forEach(function (element) {","                element.addEventListener(event, local.testRunBrowser);","            });","        });","        // run tests","        local.testRunBrowser();","        break;","","","","    // run node js-env code - post-init","    /* istanbul ignore next */","    case 'node':","        // export local","        module.exports = local;","        // require modules","        local.fs = require('fs');","        local.http = require('http');","        local.url = require('url');","        // init assets","        local.assetsDict = local.assetsDict || {};","        /* jslint-ignore-begin */","        local.assetsDict['/assets.index.template.html'] = '\\","<!doctype html>\\n\\","<html lang=\"en\">\\n\\","<head>\\n\\","<meta charset=\"UTF-8\">\\n\\","<meta name=\"viewport\" content=\"width=device-width, initial-scale=1\">\\n\\","<title>{{env.npm_package_name}} (v{{env.npm_package_version}})</title>\\n\\","<style>\\n\\","/*csslint\\n\\","    box-sizing: false,\\n\\","    universal-selector: false\\n\\","*/\\n\\","* {\\n\\","    box-sizing: border-box;\\n\\","}\\n\\","body {\\n\\","    background: #dde;\\n\\","    font-family: Arial, Helvetica, sans-serif;\\n\\","    margin: 2rem;\\n\\","}\\n\\","body > * {\\n\\","    margin-bottom: 1rem;\\n\\","}\\n\\",".utility2FooterDiv {\\n\\","    margin-top: 20px;\\n\\","    text-align: center;\\n\\","}\\n\\","</style>\\n\\","<style>\\n\\","/*csslint\\n\\","*/\\n\\","textarea {\\n\\","    font-family: monospace;\\n\\","    height: 10rem;\\n\\","    width: 100%;\\n\\","}\\n\\","textarea[readonly] {\\n\\","    background: #ddd;\\n\\","}\\n\\","</style>\\n\\","</head>\\n\\","<body>\\n\\","<!-- utility2-comment\\n\\","<div id=\"ajaxProgressDiv1\" style=\"background: #d00; height: 2px; left: 0; margin: 0; padding: 0; position: fixed; top: 0; transition: background 0.5s, width 1.5s; width: 25%;\"></div>\\n\\","utility2-comment -->\\n\\","<h1>\\n\\","<!-- utility2-comment\\n\\","    <a\\n\\","        {{#if env.npm_package_homepage}}\\n\\","        href=\"{{env.npm_package_homepage}}\"\\n\\","        {{/if env.npm_package_homepage}}\\n\\","        target=\"_blank\"\\n\\","    >\\n\\","utility2-comment -->\\n\\","        {{env.npm_package_name}} (v{{env.npm_package_version}})\\n\\","<!-- utility2-comment\\n\\","    </a>\\n\\","utility2-comment -->\\n\\","</h1>\\n\\","<h3>{{env.npm_package_description}}</h3>\\n\\","<!-- utility2-comment\\n\\","<h4><a download href=\"assets.app.js\">download standalone app</a></h4>\\n\\","<button class=\"onclick onreset\" id=\"testRunButton1\">run internal test</button><br>\\n\\","<div id=\"testReportDiv1\" style=\"display: none;\"></div>\\n\\","utility2-comment -->\\n\\","\\n\\","\\n\\","\\n\\","<label>stderr and stdout</label>\\n\\","<textarea class=\"resettable\" id=\"outputTextareaStdout1\" readonly></textarea>\\n\\","<!-- utility2-comment\\n\\","{{#if isRollup}}\\n\\","<script src=\"assets.app.js\"></script>\\n\\","{{#unless isRollup}}\\n\\","utility2-comment -->\\n\\","<script src=\"assets.utility2.rollup.js\"></script>\\n\\","<script src=\"jsonp.utility2._stateInit?callback=window.utility2._stateInit\"></script>\\n\\","<script src=\"assets.npmtest_preprocessor.rollup.js\"></script>\\n\\","<script src=\"assets.example.js\"></script>\\n\\","<script src=\"assets.test.js\"></script>\\n\\","<!-- utility2-comment\\n\\","{{/if isRollup}}\\n\\","utility2-comment -->\\n\\","<div class=\"utility2FooterDiv\">\\n\\","    [ this app was created with\\n\\","    <a href=\"https://github.com/kaizhu256/node-utility2\" target=\"_blank\">utility2</a>\\n\\","    ]\\n\\","</div>\\n\\","</body>\\n\\","</html>\\n\\","';","        /* jslint-ignore-end */","        if (local.templateRender) {","            local.assetsDict['/'] = local.templateRender(","                local.assetsDict['/assets.index.template.html'],","                {","                    env: local.objectSetDefault(local.env, {","                        npm_package_description: 'the greatest app in the world!',","                        npm_package_name: 'my-app',","                        npm_package_nameAlias: 'my_app',","                        npm_package_version: '0.0.1'","                    })","                }","            );","        } else {","            local.assetsDict['/'] = local.assetsDict['/assets.index.template.html']","                .replace((/\\{\\{env\\.(\\w+?)\\}\\}/g), function (match0, match1) {","                    // jslint-hack","                    String(match0);","                    switch (match1) {","                    case 'npm_package_description':","                        return 'the greatest app in the world!';","                    case 'npm_package_name':","                        return 'my-app';","                    case 'npm_package_nameAlias':","                        return 'my_app';","                    case 'npm_package_version':","                        return '0.0.1';","                    }","                });","        }","        // run the cli","        if (local.global.utility2_rollup || module !== require.main) {","            break;","        }","        local.assetsDict['/assets.example.js'] =","            local.assetsDict['/assets.example.js'] ||","            local.fs.readFileSync(__filename, 'utf8');","        // bug-workaround - long $npm_package_buildCustomOrg","        /* jslint-ignore-begin */","        local.assetsDict['/assets.npmtest_preprocessor.rollup.js'] =","            local.assetsDict['/assets.npmtest_preprocessor.rollup.js'] ||","            local.fs.readFileSync(","                local.npmtest_preprocessor.__dirname + '/lib.npmtest_preprocessor.js',","                'utf8'","            ).replace((/^#!/), '//');","        /* jslint-ignore-end */","        local.assetsDict['/favicon.ico'] = local.assetsDict['/favicon.ico'] || '';","        // if $npm_config_timeout_exit exists,","        // then exit this process after $npm_config_timeout_exit ms","        if (Number(process.env.npm_config_timeout_exit)) {","            setTimeout(process.exit, Number(process.env.npm_config_timeout_exit));","        }","        // start server","        if (local.global.utility2_serverHttp1) {","            break;","        }","        process.env.PORT = process.env.PORT || '8081';","        console.error('server starting on port ' + process.env.PORT);","        local.http.createServer(function (request, response) {","            request.urlParsed = local.url.parse(request.url);","            if (local.assetsDict[request.urlParsed.pathname] !== undefined) {","                response.end(local.assetsDict[request.urlParsed.pathname]);","                return;","            }","            response.statusCode = 404;","            response.end();","        }).listen(process.env.PORT);","        break;","    }","}());",""],"l":{"26":2,"28":2,"33":2,"35":2,"37":2,"38":2,"39":2,"44":1,"51":2,"55":2,"59":2,"61":2,"69":1,"70":2,"76":2,"79":2,"82":2,"83":2,"85":1,"89":2,"92":1,"93":1,"94":1,"96":1,"97":1,"100":1,"101":1,"103":1,"106":1,"108":2,"114":1,"116":1,"118":1,"123":1,"124":2,"125":2,"126":3,"127":3,"128":3,"129":3,"130":1,"133":3,"134":3,"139":3,"143":1,"144":3,"145":1,"149":1,"150":1,"158":1,"160":1,"161":1,"162":1,"164":1,"166":1,"258":1,"259":1,"271":1,"274":6,"275":6,"277":1,"279":2,"281":1,"283":2,"288":1,"289":1,"291":1,"296":1,"303":1,"306":1,"307":1,"310":1,"311":1,"313":1,"314":1,"315":1,"316":1,"317":1,"318":1,"319":1,"321":1,"322":1,"324":1}},"/home/travis/build/npmtest/node-npmtest-preprocessor/node_modules/preprocessor/Preprocessor.js":{"path":"/home/travis/build/npmtest/node-npmtest-preprocessor/node_modules/preprocessor/Preprocessor.js","s":{"1":1,"2":1,"3":0,"4":0,"5":0,"6":0,"7":0,"8":0,"9":0,"10":1,"11":1,"12":1,"13":1,"14":1,"15":1,"16":1,"17":1,"18":1,"19":0,"20":0,"21":0,"22":0,"23":0,"24":0,"25":1,"26":0,"27":1,"28":0,"29":0,"30":0,"31":0,"32":1,"33":0,"34":1,"35":0,"36":0,"37":0,"38":0,"39":0,"40":0,"41":0,"42":0,"43":0,"44":0,"45":0,"46":0,"47":0,"48":0,"49":1,"50":0,"51":0,"52":0,"53":0,"54":0,"55":0,"56":0,"57":0,"58":0,"59":0,"60":0,"61":0,"62":0,"63":0,"64":0,"65":0,"66":0,"67":0,"68":0,"69":0,"70":0,"71":0,"72":0,"73":0,"74":0,"75":0,"76":0,"77":0,"78":0,"79":0,"80":0,"81":0,"82":0,"83":0,"84":0,"85":0,"86":0,"87":0,"88":0,"89":0,"90":0,"91":0,"92":0,"93":0,"94":0,"95":0,"96":0,"97":0,"98":0,"99":0,"100":0,"101":0,"102":0,"103":0,"104":0,"105":0,"106":0,"107":0,"108":0,"109":0,"110":0,"111":0,"112":0,"113":0,"114":0,"115":0,"116":0,"117":0,"118":0,"119":0,"120":0,"121":0,"122":0,"123":0,"124":0,"125":0,"126":0,"127":0,"128":0,"129":0,"130":0,"131":0,"132":0,"133":0,"134":0,"135":0,"136":0,"137":0,"138":0,"139":0,"140":0,"141":0,"142":0,"143":0,"144":0,"145":0,"146":0,"147":0,"148":0,"149":0,"150":0,"151":0,"152":0,"153":0,"154":0,"155":0,"156":0,"157":0,"158":0,"159":0,"160":0,"161":0,"162":0,"163":0,"164":1,"165":0,"166":1,"167":1,"168":0,"169":0,"170":0,"171":0,"172":0,"173":0},"b":{"1":[0,0],"2":[0,0],"3":[0,0],"4":[0,0,0],"5":[0,0,0,0],"6":[0,0],"7":[0,0],"8":[0,0],"9":[0,0],"10":[0,0],"11":[0,0],"12":[0,0,0,0,0,0,0,0,0,0],"13":[0,0],"14":[0,0],"15":[0,0],"16":[0,0],"17":[0,0],"18":[0,0],"19":[0,0],"20":[0,0],"21":[0,0],"22":[0,0],"23":[0,0],"24":[0,0],"25":[0,0],"26":[0,0],"27":[0,0],"28":[0,0],"29":[0,0],"30":[0,0],"31":[0,0],"32":[0,0],"33":[0,0],"34":[0,0],"35":[0,0],"36":[1,0],"37":[1,1],"38":[0,0],"39":[0,0],"40":[0,0]},"f":{"1":1,"2":0,"3":0,"4":0,"5":0,"6":0,"7":0,"8":0,"9":0,"10":0,"11":0,"12":0,"13":0,"14":0},"fnMap":{"1":{"name":"(anonymous_1)","line":22,"loc":{"start":{"line":22,"column":1},"end":{"line":22,"column":18}}},"2":{"name":"Preprocessor","line":35,"loc":{"start":{"line":35,"column":23},"end":{"line":35,"column":93}}},"3":{"name":"(anonymous_3)","line":138,"loc":{"start":{"line":138,"column":32},"end":{"line":138,"column":46}}},"4":{"name":"(anonymous_4)","line":140,"loc":{"start":{"line":140,"column":45},"end":{"line":140,"column":62}}},"5":{"name":"(anonymous_5)","line":156,"loc":{"start":{"line":156,"column":30},"end":{"line":156,"column":44}}},"6":{"name":"(anonymous_6)","line":167,"loc":{"start":{"line":167,"column":26},"end":{"line":167,"column":48}}},"7":{"name":"(anonymous_7)","line":181,"loc":{"start":{"line":181,"column":27},"end":{"line":181,"column":41}}},"8":{"name":"(anonymous_8)","line":194,"loc":{"start":{"line":194,"column":28},"end":{"line":194,"column":74}}},"9":{"name":"(anonymous_9)","line":200,"loc":{"start":{"line":200,"column":16},"end":{"line":200,"column":62}}},"10":{"name":"(anonymous_10)","line":225,"loc":{"start":{"line":225,"column":37},"end":{"line":225,"column":64}}},"11":{"name":"(anonymous_11)","line":227,"loc":{"start":{"line":227,"column":59},"end":{"line":227,"column":70}}},"12":{"name":"(anonymous_12)","line":261,"loc":{"start":{"line":261,"column":79},"end":{"line":261,"column":100}}},"13":{"name":"(anonymous_13)","line":402,"loc":{"start":{"line":402,"column":38},"end":{"line":402,"column":49}}},"14":{"name":"(anonymous_14)","line":410,"loc":{"start":{"line":410,"column":35},"end":{"line":410,"column":46}}}},"statementMap":{"1":{"start":{"line":22,"column":0},"end":{"line":418,"column":9}},"2":{"start":{"line":35,"column":4},"end":{"line":82,"column":6}},"3":{"start":{"line":42,"column":8},"end":{"line":42,"column":32}},"4":{"start":{"line":49,"column":8},"end":{"line":49,"column":86}},"5":{"start":{"line":55,"column":8},"end":{"line":55,"column":86}},"6":{"start":{"line":61,"column":8},"end":{"line":61,"column":105}},"7":{"start":{"line":68,"column":8},"end":{"line":68,"column":103}},"8":{"start":{"line":75,"column":8},"end":{"line":75,"column":35}},"9":{"start":{"line":81,"column":8},"end":{"line":81,"column":26}},"10":{"start":{"line":88,"column":4},"end":{"line":88,"column":103}},"11":{"start":{"line":94,"column":4},"end":{"line":94,"column":96}},"12":{"start":{"line":100,"column":4},"end":{"line":100,"column":62}},"13":{"start":{"line":106,"column":4},"end":{"line":106,"column":72}},"14":{"start":{"line":112,"column":4},"end":{"line":112,"column":46}},"15":{"start":{"line":118,"column":4},"end":{"line":118,"column":59}},"16":{"start":{"line":124,"column":4},"end":{"line":124,"column":35}},"17":{"start":{"line":130,"column":4},"end":{"line":130,"column":37}},"18":{"start":{"line":138,"column":4},"end":{"line":148,"column":6}},"19":{"start":{"line":140,"column":8},"end":{"line":147,"column":11}},"20":{"start":{"line":141,"column":12},"end":{"line":146,"column":13}},"21":{"start":{"line":142,"column":27},"end":{"line":142,"column":39}},"22":{"start":{"line":143,"column":26},"end":{"line":143,"column":42}},"23":{"start":{"line":144,"column":25},"end":{"line":144,"column":35}},"24":{"start":{"line":145,"column":25},"end":{"line":145,"column":35}},"25":{"start":{"line":156,"column":4},"end":{"line":158,"column":6}},"26":{"start":{"line":157,"column":8},"end":{"line":157,"column":75}},"27":{"start":{"line":167,"column":4},"end":{"line":173,"column":6}},"28":{"start":{"line":168,"column":8},"end":{"line":168,"column":36}},"29":{"start":{"line":169,"column":8},"end":{"line":171,"column":9}},"30":{"start":{"line":170,"column":12},"end":{"line":170,"column":41}},"31":{"start":{"line":172,"column":8},"end":{"line":172,"column":32}},"32":{"start":{"line":181,"column":4},"end":{"line":183,"column":6}},"33":{"start":{"line":182,"column":8},"end":{"line":182,"column":68}},"34":{"start":{"line":194,"column":4},"end":{"line":215,"column":6}},"35":{"start":{"line":195,"column":8},"end":{"line":198,"column":9}},"36":{"start":{"line":196,"column":12},"end":{"line":196,"column":33}},"37":{"start":{"line":197,"column":12},"end":{"line":197,"column":31}},"38":{"start":{"line":199,"column":8},"end":{"line":199,"column":49}},"39":{"start":{"line":200,"column":8},"end":{"line":214,"column":59}},"40":{"start":{"line":201,"column":12},"end":{"line":205,"column":13}},"41":{"start":{"line":202,"column":16},"end":{"line":204,"column":17}},"42":{"start":{"line":203,"column":20},"end":{"line":203,"column":86}},"43":{"start":{"line":206,"column":12},"end":{"line":212,"column":13}},"44":{"start":{"line":207,"column":16},"end":{"line":207,"column":43}},"45":{"start":{"line":208,"column":16},"end":{"line":210,"column":17}},"46":{"start":{"line":209,"column":20},"end":{"line":209,"column":37}},"47":{"start":{"line":211,"column":16},"end":{"line":211,"column":26}},"48":{"start":{"line":213,"column":12},"end":{"line":213,"column":30}},"49":{"start":{"line":225,"column":4},"end":{"line":395,"column":6}},"50":{"start":{"line":226,"column":8},"end":{"line":226,"column":32}},"51":{"start":{"line":227,"column":8},"end":{"line":227,"column":73}},"52":{"start":{"line":228,"column":8},"end":{"line":228,"column":53}},"53":{"start":{"line":230,"column":8},"end":{"line":230,"column":50}},"54":{"start":{"line":231,"column":8},"end":{"line":389,"column":9}},"55":{"start":{"line":232,"column":12},"end":{"line":232,"column":80}},"56":{"start":{"line":233,"column":12},"end":{"line":233,"column":34}},"57":{"start":{"line":234,"column":12},"end":{"line":388,"column":13}},"58":{"start":{"line":237,"column":20},"end":{"line":237,"column":65}},"59":{"start":{"line":238,"column":20},"end":{"line":240,"column":21}},"60":{"start":{"line":239,"column":24},"end":{"line":239,"column":144}},"61":{"start":{"line":241,"column":20},"end":{"line":241,"column":67}},"62":{"start":{"line":242,"column":20},"end":{"line":279,"column":21}},"63":{"start":{"line":243,"column":24},"end":{"line":249,"column":25}},"64":{"start":{"line":244,"column":28},"end":{"line":244,"column":61}},"65":{"start":{"line":245,"column":28},"end":{"line":245,"column":41}},"66":{"start":{"line":247,"column":28},"end":{"line":247,"column":56}},"67":{"start":{"line":248,"column":28},"end":{"line":248,"column":61}},"68":{"start":{"line":251,"column":24},"end":{"line":253,"column":25}},"69":{"start":{"line":252,"column":28},"end":{"line":252,"column":101}},"70":{"start":{"line":254,"column":24},"end":{"line":278,"column":25}},"71":{"start":{"line":255,"column":28},"end":{"line":256,"column":51}},"72":{"start":{"line":257,"column":28},"end":{"line":275,"column":29}},"73":{"start":{"line":258,"column":32},"end":{"line":258,"column":59}},"74":{"start":{"line":259,"column":32},"end":{"line":259,"column":82}},"75":{"start":{"line":260,"column":32},"end":{"line":260,"column":49}},"76":{"start":{"line":261,"column":32},"end":{"line":270,"column":35}},"77":{"start":{"line":262,"column":36},"end":{"line":262,"column":56}},"78":{"start":{"line":262,"column":45},"end":{"line":262,"column":56}},"79":{"start":{"line":263,"column":36},"end":{"line":263,"column":49}},"80":{"start":{"line":264,"column":36},"end":{"line":269,"column":37}},"81":{"start":{"line":265,"column":40},"end":{"line":265,"column":69}},"82":{"start":{"line":266,"column":40},"end":{"line":266,"column":84}},"83":{"start":{"line":267,"column":40},"end":{"line":267,"column":71}},"84":{"start":{"line":268,"column":40},"end":{"line":268,"column":60}},"85":{"start":{"line":272,"column":32},"end":{"line":272,"column":60}},"86":{"start":{"line":273,"column":32},"end":{"line":273,"column":87}},"87":{"start":{"line":274,"column":32},"end":{"line":274,"column":61}},"88":{"start":{"line":277,"column":28},"end":{"line":277,"column":84}},"89":{"start":{"line":280,"column":20},"end":{"line":280,"column":163}},"90":{"start":{"line":281,"column":20},"end":{"line":281,"column":105}},"91":{"start":{"line":282,"column":20},"end":{"line":282,"column":74}},"92":{"start":{"line":283,"column":20},"end":{"line":283,"column":26}},"93":{"start":{"line":285,"column":20},"end":{"line":285,"column":61}},"94":{"start":{"line":286,"column":20},"end":{"line":288,"column":21}},"95":{"start":{"line":287,"column":24},"end":{"line":287,"column":144}},"96":{"start":{"line":289,"column":20},"end":{"line":289,"column":40}},"97":{"start":{"line":290,"column":20},"end":{"line":290,"column":50}},"98":{"start":{"line":291,"column":20},"end":{"line":291,"column":86}},"99":{"start":{"line":292,"column":20},"end":{"line":292,"column":71}},"100":{"start":{"line":293,"column":20},"end":{"line":293,"column":137}},"101":{"start":{"line":294,"column":20},"end":{"line":294,"column":79}},"102":{"start":{"line":295,"column":20},"end":{"line":295,"column":74}},"103":{"start":{"line":296,"column":20},"end":{"line":296,"column":26}},"104":{"start":{"line":300,"column":20},"end":{"line":300,"column":60}},"105":{"start":{"line":301,"column":20},"end":{"line":303,"column":21}},"106":{"start":{"line":302,"column":24},"end":{"line":302,"column":144}},"107":{"start":{"line":304,"column":20},"end":{"line":304,"column":50}},"108":{"start":{"line":305,"column":20},"end":{"line":311,"column":21}},"109":{"start":{"line":306,"column":24},"end":{"line":306,"column":55}},"110":{"start":{"line":307,"column":27},"end":{"line":311,"column":21}},"111":{"start":{"line":308,"column":24},"end":{"line":308,"column":54}},"112":{"start":{"line":310,"column":24},"end":{"line":310,"column":90}},"113":{"start":{"line":312,"column":20},"end":{"line":312,"column":49}},"114":{"start":{"line":313,"column":20},"end":{"line":317,"column":23}},"115":{"start":{"line":318,"column":20},"end":{"line":318,"column":58}},"116":{"start":{"line":319,"column":20},"end":{"line":319,"column":26}},"117":{"start":{"line":323,"column":20},"end":{"line":323,"column":63}},"118":{"start":{"line":324,"column":20},"end":{"line":326,"column":21}},"119":{"start":{"line":325,"column":24},"end":{"line":325,"column":144}},"120":{"start":{"line":327,"column":20},"end":{"line":329,"column":21}},"121":{"start":{"line":328,"column":24},"end":{"line":328,"column":148}},"122":{"start":{"line":330,"column":20},"end":{"line":330,"column":45}},"123":{"start":{"line":331,"column":20},"end":{"line":331,"column":62}},"124":{"start":{"line":333,"column":20},"end":{"line":339,"column":21}},"125":{"start":{"line":334,"column":24},"end":{"line":336,"column":122}},"126":{"start":{"line":338,"column":24},"end":{"line":338,"column":90}},"127":{"start":{"line":341,"column":20},"end":{"line":352,"column":21}},"128":{"start":{"line":342,"column":24},"end":{"line":342,"column":182}},"129":{"start":{"line":343,"column":24},"end":{"line":343,"column":140}},"130":{"start":{"line":344,"column":27},"end":{"line":352,"column":21}},"131":{"start":{"line":345,"column":24},"end":{"line":345,"column":160}},"132":{"start":{"line":346,"column":24},"end":{"line":346,"column":71}},"133":{"start":{"line":347,"column":24},"end":{"line":347,"column":140}},"134":{"start":{"line":349,"column":24},"end":{"line":349,"column":155}},"135":{"start":{"line":350,"column":24},"end":{"line":350,"column":37}},"136":{"start":{"line":351,"column":24},"end":{"line":351,"column":132}},"137":{"start":{"line":353,"column":20},"end":{"line":355,"column":21}},"138":{"start":{"line":354,"column":24},"end":{"line":354,"column":50}},"139":{"start":{"line":356,"column":20},"end":{"line":356,"column":81}},"140":{"start":{"line":357,"column":20},"end":{"line":357,"column":74}},"141":{"start":{"line":358,"column":20},"end":{"line":370,"column":21}},"142":{"start":{"line":359,"column":24},"end":{"line":363,"column":25}},"143":{"start":{"line":360,"column":28},"end":{"line":360,"column":57}},"144":{"start":{"line":362,"column":28},"end":{"line":362,"column":94}},"145":{"start":{"line":364,"column":24},"end":{"line":368,"column":27}},"146":{"start":{"line":369,"column":24},"end":{"line":369,"column":62}},"147":{"start":{"line":371,"column":20},"end":{"line":371,"column":26}},"148":{"start":{"line":374,"column":20},"end":{"line":374,"column":64}},"149":{"start":{"line":375,"column":20},"end":{"line":377,"column":21}},"150":{"start":{"line":376,"column":24},"end":{"line":376,"column":144}},"151":{"start":{"line":378,"column":20},"end":{"line":378,"column":43}},"152":{"start":{"line":379,"column":20},"end":{"line":379,"column":49}},"153":{"start":{"line":380,"column":20},"end":{"line":380,"column":46}},"154":{"start":{"line":381,"column":20},"end":{"line":381,"column":39}},"155":{"start":{"line":382,"column":20},"end":{"line":384,"column":21}},"156":{"start":{"line":383,"column":24},"end":{"line":383,"column":132}},"157":{"start":{"line":385,"column":20},"end":{"line":385,"column":143}},"158":{"start":{"line":386,"column":20},"end":{"line":386,"column":62}},"159":{"start":{"line":387,"column":20},"end":{"line":387,"column":74}},"160":{"start":{"line":390,"column":8},"end":{"line":393,"column":9}},"161":{"start":{"line":391,"column":12},"end":{"line":391,"column":33}},"162":{"start":{"line":392,"column":12},"end":{"line":392,"column":63}},"163":{"start":{"line":394,"column":8},"end":{"line":394,"column":27}},"164":{"start":{"line":402,"column":4},"end":{"line":404,"column":6}},"165":{"start":{"line":403,"column":8},"end":{"line":403,"column":30}},"166":{"start":{"line":407,"column":4},"end":{"line":416,"column":5}},"167":{"start":{"line":408,"column":8},"end":{"line":408,"column":41}},"168":{"start":{"line":409,"column":11},"end":{"line":416,"column":5}},"169":{"start":{"line":410,"column":8},"end":{"line":410,"column":72}},"170":{"start":{"line":410,"column":48},"end":{"line":410,"column":68}},"171":{"start":{"line":412,"column":8},"end":{"line":414,"column":9}},"172":{"start":{"line":413,"column":12},"end":{"line":413,"column":35}},"173":{"start":{"line":415,"column":8},"end":{"line":415,"column":57}}},"branchMap":{"1":{"line":49,"type":"cond-expr","locations":[{"start":{"line":49,"column":62},"end":{"line":49,"column":79}},{"start":{"line":49,"column":82},"end":{"line":49,"column":85}}]},"2":{"line":55,"type":"cond-expr","locations":[{"start":{"line":55,"column":63},"end":{"line":55,"column":80}},{"start":{"line":55,"column":83},"end":{"line":55,"column":85}}]},"3":{"line":61,"type":"cond-expr","locations":[{"start":{"line":61,"column":77},"end":{"line":61,"column":96}},{"start":{"line":61,"column":99},"end":{"line":61,"column":104}}]},"4":{"line":68,"type":"binary-expr","locations":[{"start":{"line":68,"column":23},"end":{"line":68,"column":51}},{"start":{"line":68,"column":55},"end":{"line":68,"column":69}},{"start":{"line":68,"column":74},"end":{"line":68,"column":102}}]},"5":{"line":141,"type":"switch","locations":[{"start":{"line":142,"column":16},"end":{"line":142,"column":39}},{"start":{"line":143,"column":16},"end":{"line":143,"column":42}},{"start":{"line":144,"column":16},"end":{"line":144,"column":35}},{"start":{"line":145,"column":16},"end":{"line":145,"column":35}}]},"6":{"line":195,"type":"if","locations":[{"start":{"line":195,"column":8},"end":{"line":195,"column":8}},{"start":{"line":195,"column":8},"end":{"line":195,"column":8}}]},"7":{"line":202,"type":"if","locations":[{"start":{"line":202,"column":16},"end":{"line":202,"column":16}},{"start":{"line":202,"column":16},"end":{"line":202,"column":16}}]},"8":{"line":208,"type":"if","locations":[{"start":{"line":208,"column":16},"end":{"line":208,"column":16}},{"start":{"line":208,"column":16},"end":{"line":208,"column":16}}]},"9":{"line":208,"type":"binary-expr","locations":[{"start":{"line":208,"column":20},"end":{"line":208,"column":53}},{"start":{"line":208,"column":57},"end":{"line":208,"column":85}}]},"10":{"line":226,"type":"binary-expr","locations":[{"start":{"line":226,"column":18},"end":{"line":226,"column":25}},{"start":{"line":226,"column":29},"end":{"line":226,"column":31}}]},"11":{"line":227,"type":"cond-expr","locations":[{"start":{"line":227,"column":49},"end":{"line":227,"column":56}},{"start":{"line":227,"column":59},"end":{"line":227,"column":72}}]},"12":{"line":234,"type":"switch","locations":[{"start":{"line":235,"column":16},"end":{"line":235,"column":36}},{"start":{"line":236,"column":16},"end":{"line":283,"column":26}},{"start":{"line":284,"column":16},"end":{"line":296,"column":26}},{"start":{"line":297,"column":16},"end":{"line":297,"column":29}},{"start":{"line":298,"column":16},"end":{"line":298,"column":30}},{"start":{"line":299,"column":16},"end":{"line":319,"column":26}},{"start":{"line":320,"column":16},"end":{"line":320,"column":29}},{"start":{"line":321,"column":16},"end":{"line":321,"column":28}},{"start":{"line":322,"column":16},"end":{"line":371,"column":26}},{"start":{"line":372,"column":16},"end":{"line":387,"column":74}}]},"13":{"line":238,"type":"if","locations":[{"start":{"line":238,"column":20},"end":{"line":238,"column":20}},{"start":{"line":238,"column":20},"end":{"line":238,"column":20}}]},"14":{"line":242,"type":"if","locations":[{"start":{"line":242,"column":20},"end":{"line":242,"column":20}},{"start":{"line":242,"column":20},"end":{"line":242,"column":20}}]},"15":{"line":243,"type":"if","locations":[{"start":{"line":243,"column":24},"end":{"line":243,"column":24}},{"start":{"line":243,"column":24},"end":{"line":243,"column":24}}]},"16":{"line":251,"type":"if","locations":[{"start":{"line":251,"column":24},"end":{"line":251,"column":24}},{"start":{"line":251,"column":24},"end":{"line":251,"column":24}}]},"17":{"line":257,"type":"if","locations":[{"start":{"line":257,"column":28},"end":{"line":257,"column":28}},{"start":{"line":257,"column":28},"end":{"line":257,"column":28}}]},"18":{"line":262,"type":"if","locations":[{"start":{"line":262,"column":36},"end":{"line":262,"column":36}},{"start":{"line":262,"column":36},"end":{"line":262,"column":36}}]},"19":{"line":281,"type":"cond-expr","locations":[{"start":{"line":281,"column":69},"end":{"line":281,"column":100}},{"start":{"line":281,"column":103},"end":{"line":281,"column":104}}]},"20":{"line":286,"type":"if","locations":[{"start":{"line":286,"column":20},"end":{"line":286,"column":20}},{"start":{"line":286,"column":20},"end":{"line":286,"column":20}}]},"21":{"line":301,"type":"if","locations":[{"start":{"line":301,"column":20},"end":{"line":301,"column":20}},{"start":{"line":301,"column":20},"end":{"line":301,"column":20}}]},"22":{"line":305,"type":"if","locations":[{"start":{"line":305,"column":20},"end":{"line":305,"column":20}},{"start":{"line":305,"column":20},"end":{"line":305,"column":20}}]},"23":{"line":307,"type":"if","locations":[{"start":{"line":307,"column":27},"end":{"line":307,"column":27}},{"start":{"line":307,"column":27},"end":{"line":307,"column":27}}]},"24":{"line":324,"type":"if","locations":[{"start":{"line":324,"column":20},"end":{"line":324,"column":20}},{"start":{"line":324,"column":20},"end":{"line":324,"column":20}}]},"25":{"line":327,"type":"if","locations":[{"start":{"line":327,"column":20},"end":{"line":327,"column":20}},{"start":{"line":327,"column":20},"end":{"line":327,"column":20}}]},"26":{"line":333,"type":"if","locations":[{"start":{"line":333,"column":20},"end":{"line":333,"column":20}},{"start":{"line":333,"column":20},"end":{"line":333,"column":20}}]},"27":{"line":341,"type":"if","locations":[{"start":{"line":341,"column":20},"end":{"line":341,"column":20}},{"start":{"line":341,"column":20},"end":{"line":341,"column":20}}]},"28":{"line":344,"type":"if","locations":[{"start":{"line":344,"column":27},"end":{"line":344,"column":27}},{"start":{"line":344,"column":27},"end":{"line":344,"column":27}}]},"29":{"line":353,"type":"if","locations":[{"start":{"line":353,"column":20},"end":{"line":353,"column":20}},{"start":{"line":353,"column":20},"end":{"line":353,"column":20}}]},"30":{"line":358,"type":"if","locations":[{"start":{"line":358,"column":20},"end":{"line":358,"column":20}},{"start":{"line":358,"column":20},"end":{"line":358,"column":20}}]},"31":{"line":358,"type":"binary-expr","locations":[{"start":{"line":358,"column":24},"end":{"line":358,"column":43}},{"start":{"line":358,"column":47},"end":{"line":358,"column":66}}]},"32":{"line":359,"type":"if","locations":[{"start":{"line":359,"column":24},"end":{"line":359,"column":24}},{"start":{"line":359,"column":24},"end":{"line":359,"column":24}}]},"33":{"line":375,"type":"if","locations":[{"start":{"line":375,"column":20},"end":{"line":375,"column":20}},{"start":{"line":375,"column":20},"end":{"line":375,"column":20}}]},"34":{"line":382,"type":"if","locations":[{"start":{"line":382,"column":20},"end":{"line":382,"column":20}},{"start":{"line":382,"column":20},"end":{"line":382,"column":20}}]},"35":{"line":390,"type":"if","locations":[{"start":{"line":390,"column":8},"end":{"line":390,"column":8}},{"start":{"line":390,"column":8},"end":{"line":390,"column":8}}]},"36":{"line":407,"type":"if","locations":[{"start":{"line":407,"column":4},"end":{"line":407,"column":4}},{"start":{"line":407,"column":4},"end":{"line":407,"column":4}}]},"37":{"line":407,"type":"binary-expr","locations":[{"start":{"line":407,"column":8},"end":{"line":407,"column":36}},{"start":{"line":407,"column":40},"end":{"line":407,"column":57}}]},"38":{"line":409,"type":"if","locations":[{"start":{"line":409,"column":11},"end":{"line":409,"column":11}},{"start":{"line":409,"column":11},"end":{"line":409,"column":11}}]},"39":{"line":409,"type":"binary-expr","locations":[{"start":{"line":409,"column":15},"end":{"line":409,"column":43}},{"start":{"line":409,"column":47},"end":{"line":409,"column":60}}]},"40":{"line":412,"type":"if","locations":[{"start":{"line":412,"column":8},"end":{"line":412,"column":8}},{"start":{"line":412,"column":8},"end":{"line":412,"column":8}}]}},"code":["/*"," Copyright 2013 Daniel Wirtz <dcode@dcode.io>",""," Licensed under the Apache License, Version 2.0 (the \"License\");"," you may not use this file except in compliance with the License."," You may obtain a copy of the License at",""," http://www.apache.org/licenses/LICENSE-2.0",""," Unless required by applicable law or agreed to in writing, software"," distributed under the License is distributed on an \"AS IS\" BASIS,"," WITHOUT WARRANTIES OR CONDITIONS OF ANY KIND, either express or implied."," See the License for the specific language governing permissions and"," limitations under the License."," */","","/**"," * @license Preprocessor.js (c) 2013 Daniel Wirtz <dcode@dcode.io>"," * Released under the Apache License, Version 2.0"," * see: https://github.com/dcodeIO/Preprocessor.js for details"," */","(function(global) {","","    /**","     * Constructs a new Preprocessor.","     * @exports Preprocessor","     * @class Provides pre-processing of JavaScript source files, e.g. to build different versions of a library.","     * @param {string} source Source to process","     * @param {string|Object.<string,string>=} baseDirOrIncludes Source base directory used for includes (node.js only)","     *  or an object containing all the included sources by filename. Defaults to the current working directory.","     * @param {boolean} preserveLineNumbers When removing blocks of code, replace the block with blank lines so that","     *  line numbers are preserved, as long as #include is not used","     * @constructor","     */","    var Preprocessor = function Preprocessor(source, baseDirOrIncludes, preserveLineNumbers) {","","        /**","         * Source code to pre-process.","         * @type {string}","         * @expose","         */","        this.source = \"\"+source;","","        /**","         * Source base directory.","         * @type {string}","         * @expose","         */","        this.baseDir = typeof baseDirOrIncludes == 'string' ? baseDirOrIncludes : \".\";","","        /**","         * Included sources by filename.","         * @type {Object.<string, string>}","         */","        this.includes = typeof baseDirOrIncludes == 'object' ? baseDirOrIncludes : {};","","        /**","         * Preserve line numbers when removing blocks of code","         * @type {boolean}","         */","        this.preserveLineNumbers = typeof preserveLineNumbers == 'boolean' ? preserveLineNumbers : false;","","        /**","         * Whether running inside of node.js or not.","         * @type {boolean}","         * @expose","         */","        this.isNode = (typeof window == 'undefined' || !window.window) && typeof require == 'function';","","        /**","         * Error reporting source ahead length.","         * @type {number}","         * @expose","         */","        this.errorSourceAhead = 50;","","        /**","         * Runtime defines.","         * @type {Array.<string>}","         */","        this.defines = [];","    };","","    /**","     * Definition expression","     * @type {!RegExp}","     */","    Preprocessor.EXPR = /([ ]*)\\/\\/[ ]+#(include_once|include|ifn?def|if|endif|else|elif|put|define)/g;","","    /**","     * #include \"path/to/file\". Requires node.js' \"fs\" module.","     * @type {!RegExp}","     */","    Preprocessor.INCLUDE = /(include_once|include)[ ]+\"([^\"\\\\]*(\\\\.[^\"\\\\]*)*)\"[ ]*\\r?(?:\\n|$)/g;","","    /**","     * #ifdef/#ifndef SOMEDEFINE, #if EXPRESSION","     * @type {!RegExp}","     */","    Preprocessor.IF = /(ifdef|ifndef|if)[ ]*([^\\r\\n]+)\\r?\\n/g;","","    /**","     * #endif/#else, #elif EXPRESSION","     * @type {!RegExp}","     */","    Preprocessor.ENDIF = /(endif|else|elif)([ ]+[^\\r\\n]+)?\\r?(?:\\n|$)/g;","","    /**","     * #put EXPRESSION","     * @type {!RegExp}","     */","    Preprocessor.PUT = /put[ ]+([^\\n]+)[ ]*/g;","","    /**","     * #define EXPRESSION","     * @type {!RegExp}","     */","    Preprocessor.DEFINE = /define[ ]+([^\\n]+)\\r?(?:\\n|$)/g;","","    /**","     * @type {!RegExp}","     * @inner","     */","    var GLOB_EXP = /(?:^|[^\\\\])\\*/;","","    /**","     * @type {!RegExp}","     * @inner","     */","    var NOT_LINE_ENDING = /[^\\r\\n]/g;","","    /**","     * Strips slashes from an escaped string.","     * @param {string} str Escaped string","     * @return {string} Unescaped string","     * @expose","     */","    Preprocessor.stripSlashes = function(str) {","        // ref: http://phpjs.org/functions/stripslashes/","        return (str + '').replace(/\\\\(.?)/g, function (s, n1) {","            switch (n1) {","                case '\\\\': return '\\\\';","                case '0': return '\\u0000';","                case '': return '';","                default: return n1;","            }","        });","    };","","    /**","     * Adds slashes to an unescaped string.","     * @param {string} str Unescaped string","     * @return {string} Escaped string","     * @expose","     */","    Preprocessor.addSlashes = function(str) {","        return (str+'').replace(/([\\\\\"'])/g, \"\\\\$1\").replace(/\\0/g, \"\\\\0\");","    };","","    /**","     * Indents a multi-line string.","     * @param {string} str Multi-line string to indent","     * @param {string} indent Indent to use","     * @return {string} Indented string","     * @expose","     */","    Preprocessor.indent = function(str, indent) {","        var lines = str.split(\"\\n\");","        for (var i=0; i<lines.length; i++) {","            lines[i] = indent + lines[i];","        }","        return lines.join(\"\\n\");","    };","","    /**","     * Transforms a string for display in error messages.","     * @param {string} str String to transform","     * @return {string}","     * @expose","     */","    Preprocessor.nlToStr = function(str) {","        return '['+str.replace(/\\r/g, \"\").replace(/\\n/g, \"\\\\n\")+']';","    };","","    /**","     * Evaluates an expression.","     * @param {object.<string,string>} runtimeDefines Runtime defines","     * @param {Array.<string>|string} inlineDefines Inline defines (optional for backward compatibility)","     * @param
[...]
olumn":0},"end":{"line":101,"column":44}},"12":{"start":{"line":108,"column":0},"end":{"line":108,"column":45}},"13":{"start":{"line":114,"column":0},"end":{"line":114,"column":39}},"14":{"start":{"line":121,"column":0},"end":{"line":121,"column":44}},"15":{"start":{"line":127,"column":0},"end":{"line":127,"column":38}},"16":{"start":{"line":134,"column":0},"end":{"line":134,"column":46}},"17":{"start":{"line":140,"column":0},"end":{"line":140,"column":40}},"18":{"start":{"line":147,"column":0},"end":{"line":147,"column":38}},"19":{"start":{"line":154,"column":0},"end":{"line":154,"column":31}},"20":{"start":{"line":161,"column":0},"end":{"line":161,"column":37}},"21":{"start":{"line":168,"column":0},"end":{"line":168,"column":30}},"22":{"start":{"line":175,"column":0},"end":{"line":175,"column":39}},"23":{"start":{"line":182,"column":0},"end":{"line":182,"column":32}},"24":{"start":{"line":189,"column":0},"end":{"line":189,"column":50}},"25":{"start":{"line":195,"column":0},"end":{"line":195,"column":44}},"26":{"start":{"line":203,"column":0},"end":{"line":203,"column":59}},"27":{"start":{"line":210,"column":0},"end":{"line":210,"column":53}},"28":{"start":{"line":217,"column":0},"end":{"line":217,"column":42}},"29":{"start":{"line":224,"column":0},"end":{"line":224,"column":36}},"30":{"start":{"line":232,"column":0},"end":{"line":232,"column":49}},"31":{"start":{"line":240,"column":0},"end":{"line":240,"column":43}},"32":{"start":{"line":246,"column":0},"end":{"line":246,"column":40}},"33":{"start":{"line":251,"column":0},"end":{"line":251,"column":34}},"34":{"start":{"line":257,"column":0},"end":{"line":257,"column":39}},"35":{"start":{"line":262,"column":0},"end":{"line":262,"column":33}},"36":{"start":{"line":269,"column":0},"end":{"line":269,"column":45}},"37":{"start":{"line":275,"column":0},"end":{"line":275,"column":39}},"38":{"start":{"line":282,"column":0},"end":{"line":282,"column":41}},"39":{"start":{"line":289,"column":0},"end":{"line":289,"column":35}},"40":{"start":{"line":295,"column":0},"end":{"line":295,"column":37}},"41":{"start":{"line":300,"column":0},"end":{"line":300,"column":31}},"42":{"start":{"line":309,"column":0},"end":{"line":309,"column":51}},"43":{"start":{"line":318,"column":0},"end":{"line":318,"column":45}},"44":{"start":{"line":327,"column":0},"end":{"line":327,"column":54}},"45":{"start":{"line":335,"column":0},"end":{"line":335,"column":48}},"46":{"start":{"line":344,"column":0},"end":{"line":344,"column":53}},"47":{"start":{"line":352,"column":0},"end":{"line":352,"column":47}},"48":{"start":{"line":358,"column":0},"end":{"line":358,"column":37}},"49":{"start":{"line":363,"column":0},"end":{"line":363,"column":31}},"50":{"start":{"line":373,"column":0},"end":{"line":373,"column":71}},"51":{"start":{"line":383,"column":0},"end":{"line":383,"column":65}},"52":{"start":{"line":394,"column":0},"end":{"line":394,"column":70}},"53":{"start":{"line":405,"column":0},"end":{"line":405,"column":64}},"54":{"start":{"line":413,"column":0},"end":{"line":413,"column":56}},"55":{"start":{"line":420,"column":0},"end":{"line":420,"column":50}},"56":{"start":{"line":428,"column":0},"end":{"line":428,"column":63}},"57":{"start":{"line":435,"column":0},"end":{"line":435,"column":57}},"58":{"start":{"line":443,"column":0},"end":{"line":443,"column":64}},"59":{"start":{"line":450,"column":0},"end":{"line":450,"column":58}},"60":{"start":{"line":457,"column":0},"end":{"line":457,"column":56}},"61":{"start":{"line":463,"column":0},"end":{"line":463,"column":49}},"62":{"start":{"line":472,"column":0},"end":{"line":472,"column":52}},"63":{"start":{"line":479,"column":0},"end":{"line":479,"column":40}},"64":{"start":{"line":485,"column":0},"end":{"line":485,"column":34}},"65":{"start":{"line":490,"column":0},"end":{"line":490,"column":25}},"66":{"start":{"line":496,"column":0},"end":{"line":496,"column":42}},"67":{"start":{"line":502,"column":0},"end":{"line":502,"column":47}},"68":{"start":{"line":508,"column":0},"end":{"line":508,"column":49}},"69":{"start":{"line":514,"column":0},"end":{"line":514,"column":53}},"70":{"start":{"line":520,"column":0},"end":{"line":520,"column":50}},"71":{"start":{"line":526,"column":0},"end":{"line":526,"column":42}},"72":{"start":{"line":532,"column":0},"end":{"line":532,"column":44}},"73":{"start":{"line":537,"column":0},"end":{"line":537,"column":27}},"74":{"start":{"line":542,"column":0},"end":{"line":542,"column":27}},"75":{"start":{"line":547,"column":0},"end":{"line":547,"column":28}},"76":{"start":{"line":552,"column":0},"end":{"line":552,"column":29}},"77":{"start":{"line":557,"column":0},"end":{"line":557,"column":27}},"78":{"start":{"line":562,"column":0},"end":{"line":562,"column":27}},"79":{"start":{"line":567,"column":0},"end":{"line":567,"column":28}},"80":{"start":{"line":572,"column":0},"end":{"line":572,"column":28}},"81":{"start":{"line":577,"column":0},"end":{"line":577,"column":31}},"82":{"start":{"line":582,"column":0},"end":{"line":582,"column":30}},"83":{"start":{"line":587,"column":0},"end":{"line":587,"column":29}},"84":{"start":{"line":592,"column":0},"end":{"line":592,"column":29}},"85":{"start":{"line":597,"column":0},"end":{"line":597,"column":29}},"86":{"start":{"line":604,"column":0},"end":{"line":604,"column":49}},"87":{"start":{"line":610,"column":0},"end":{"line":610,"column":30}},"88":{"start":{"line":617,"column":0},"end":{"line":617,"column":50}},"89":{"start":{"line":623,"column":0},"end":{"line":623,"column":31}},"90":{"start":{"line":629,"column":0},"end":{"line":629,"column":59}},"91":{"start":{"line":634,"column":0},"end":{"line":634,"column":29}},"92":{"start":{"line":638,"column":0},"end":{"line":638,"column":45}},"93":{"start":{"line":644,"column":0},"end":{"line":644,"column":57}}},"branchMap":{},"code":["/*"," * Copyright 2012 The Closure Compiler Authors."," *"," * Licensed under the Apache License, Version 2.0 (the \"License\");"," * you may not use this file except in compliance with the License."," * You may obtain a copy of the License at"," *"," *     http://www.apache.org/licenses/LICENSE-2.0"," *"," * Unless required by applicable law or agreed to in writing, software"," * distributed under the License is distributed on an \"AS IS\" BASIS,"," * WITHOUT WARRANTIES OR CONDITIONS OF ANY KIND, either express or implied."," * See the License for the specific language governing permissions and"," * limitations under the License."," */","","/**"," * @fileoverview Definitions for node's \"fs\" module."," * @see http://nodejs.org/api/fs.html"," * @externs"," * @author Daniel Wirtz <dcode@dcode.io>"," */","","/**"," BEGIN_NODE_INCLUDE"," var fs = require('fs');"," END_NODE_INCLUDE"," */","","var fs = {};","","/**"," * @param {string} oldPath"," * @param {string} newPath"," * @param {function(...)=} callback"," */","fs.rename = function(oldPath, newPath, callback) {};","","/**"," * @param {string} oldPath"," * @param {string} newPath"," */","fs.renameSync = function(oldPath, newPath) {};","","/**"," * @param {*} fd"," * @param {number} len"," * @param {function(...)=} callback"," */","fs.truncate = function(fd, len, callback) {};","","/**"," * @param {*} fd"," * @param {number} len"," */","fs.truncateSync = function(fd, len) {};","","/**"," * @param {string} path"," * @param {number} uid"," * @param {number} gid"," * @param {function(...)=} callback"," */","fs.chown = function(path, uid, gid, callback) {};","","/**"," * @param {string} path"," * @param {number} uid"," * @param {number} gid"," */","fs.chownSync = function(path, uid, gid) {};","","/**"," * @param {*} fd"," * @param {number} uid"," * @param {number} gid"," * @param {function(...)=} callback"," */","fs.fchown = function(fd, uid, gid, callback) {};","","/**"," * @param {*} fd"," * @param {number} uid"," * @param {number} gid"," */","fs.fchownSync = function(fd, uid, gid) {};","","/**"," * @param {string} path"," * @param {number} uid"," * @param {number} gid"," * @param {function(...)=} callback"," */","fs.lchown = function(path, uid, gid, callback) {};","","/**"," * @param {string} path"," * @param {number} uid"," * @param {number} gid"," */","fs.lchownSync = function(path, uid, gid) {};","","/**"," * @param {string} path"," * @param {number} mode"," * @param {function(...)=} callback"," */","fs.chmod = function(path, mode, callback) {};","","/**"," * @param {string} path"," * @param {number} mode"," */","fs.chmodSync = function(path, mode) {};","","/**"," * @param {*} fd"," * @param {number} mode"," * @param {function(...)=} callback"," */","fs.fchmod = function(fd, mode, callback) {};","","/**"," * @param {*} fd"," * @param {number} mode"," */","fs.fchmodSync = function(fd, mode) {};","","/**"," * @param {string} path"," * @param {number} mode"," * @param {function(...)=} callback"," */","fs.lchmod = function(path, mode, callback) {};","","/**"," * @param {string} path"," * @param {number} mode"," */","fs.lchmodSync = function(path, mode) {};","","/**"," * @param {string} path"," * @param {function(string, fs.Stats)=} callback"," * @nosideeffects"," */","fs.stat = function(path, callback) {};","","/**"," * @param {string} path"," * @return {fs.Stats}"," * @nosideeffects"," */","fs.statSync = function(path) {}","","/**"," * @param {*} fd"," * @param {function(string, fs.Stats)=} callback"," * @nosideeffects"," */","fs.fstat = function(fd, callback) {};","","/**"," * @param {*} fd"," * @return {fs.Stats}"," * @nosideeffects"," */","fs.fstatSync = function(fd) {}","","/**"," * @param {string} path"," * @param {function(string, fs.Stats)=} callback"," * @nosideeffects"," */","fs.lstat = function(path, callback) {};","","/**"," * @param {string} path"," * @return {fs.Stats}"," * @nosideeffects"," */","fs.lstatSync = function(path) {}","","/**"," * @param {string} srcpath"," * @param {string} dstpath"," * @param {function(...)=} callback"," */","fs.link = function(srcpath, dstpath, callback) {};","","/**"," * @param {string} srcpath"," * @param {string} dstpath"," */","fs.linkSync = function(srcpath, dstpath) {};","","/**"," * @param {string} srcpath"," * @param {string} dstpath"," * @param {string=} type"," * @param {function(...)=} callback"," */","fs.symlink = function(srcpath, dstpath, type, callback) {};","","/**"," * @param {string} srcpath"," * @param {string} dstpath"," * @param {string=} type"," */","fs.symlinkSync = function(srcpath, dstpath, type) {};","","/**"," * @param {string} path"," * @param {function(string, string)=} callback"," * @nosideeffects"," */","fs.readlink = function(path, callback) {};","","/**"," * @param {string} path"," * @return {string}"," * @nosideeffects"," */","fs.readlinkSync = function(path) {};","","/**"," * @param {string} path"," * @param {object.<string,string>=|function(string, string)=} cache"," * @param {function(string, string)=} callback"," * @nosideeffects"," */","fs.realpath = function(path, cache, callback) {};","","/**"," * @param {string} path"," * @param {object.<string,string>=} cache"," * @return {string}"," * @nosideeffects"," */","fs.realpathSync = function(path, cache) {};","","/**"," * @param {string} path"," * @param {function(...)=} callback"," */","fs.unlink = function(path, callback) {};","","/**"," * @param {string} path"," */","fs.unlinkSync = function(path) {};","","/**"," * @param {string} path"," * @param {function(...)=} callback"," */","fs.rmdir = function(path, callback) {};","","/**"," * @param {string} path"," */","fs.rmdirSync = function(path) {};","","/**"," * @param {string} path"," * @param {number=} mode"," * @param {function(...)=} callback"," */","fs.mkdir = function(path, mode, callback) {};","","/**"," * @param {string} path"," * @param {number=} mode"," */","fs.mkdirSync = function(path, mode) {};","","/**"," * @param {string} path"," * @param {function(string,array.<string>)=} callback"," * @nosideeffects"," */","fs.readdir = function(path, callback) {};","","/**"," * @param {string} path"," * @return {array.<string>}"," * @nosideeffects"," */","fs.readdirSync = function(path) {};","","/**"," * @param {*} fd"," * @param {function(...)=} callback"," */","fs.close = function(fd, callback) {};","","/**"," * @param {*} fd"," */","fs.closeSync = function(fd) {};","","/**"," * @param {string} path"," * @param {string} flags"," * @param {number=} mode"," * @param {function(string, *)=} callback"," * @nosideeffects"," */","fs.open = function(path, flags, mode, callback) {};","","/**"," * @param {string} path"," * @param {string} flags"," * @param {number=} mode"," * @return {*}"," * @nosideeffects"," */","fs.openSync = function(path, flags, mode) {};","","/**"," * @param {string} path"," * @param {number} atime"," * @param {number} mtime"," * @param {function(...)=} callback"," * @nosideeffects"," */","fs.utimes = function(path, atime, mtime, callback) {};","","/**"," * @param {string} path"," * @param {number} atime"," * @param {number} mtime"," * @nosideeffects"," */","fs.utimesSync = function(path, atime, mtime) {};","","/**"," * @param {*} fd"," * @param {number} atime"," * @param {number} mtime"," * @param {function(...)=} callback"," * @nosideeffects"," */","fs.futimes = function(fd, atime, mtime, callback) {};","","/**"," * @param {*} fd"," * @param {number} atime"," * @param {number} mtime"," * @nosideeffects"," */","fs.futimesSync = function(fd, atime, mtime) {};","","/**"," * @param {*} fd"," * @param {function(...)=} callback"," */","fs.fsync = function(fd, callback) {};","","/**"," * @param {*} fd"," */","fs.fsyncSync = function(fd) {};","","/**"," * @param {*} fd"," * @param {*} buffer"," * @param {number} offset"," * @param {number} length"," * @param {number} position"," * @param {function(string, number, *)=} callback"," */","fs.write = function(fd, buffer, offset, length, position, callback) {};","","/**"," * @param {*} fd"," * @param {*} buffer"," * @param {number} offset"," * @param {number} length"," * @param {number} position"," * @return {number}"," */","fs.writeSync = function(fd, buffer, offset, length, position) {};","","/**"," * @param {*} fd"," * @param {*} buffer"," * @param {number} offset"," * @param {number} length"," * @param {number} position"," * @param {function(string, number, *)=} callback"," * @nosideeffects"," */","fs.read = function(fd, buffer, offset, length, position, callback) {};","","/**"," * @param {*} fd"," * @param {*} buffer"," * @param {number} offset"," * @param {number} length"," * @param {number} position"," * @return {number}"," * @nosideeffects"," */","fs.readSync = function(fd, buffer, offset, length, position) {};","","/**"," * @param {string} filename"," * @param {string=|function(string, *)=}encoding"," * @param {function(string, *)=} callback"," * @nosideeffects"," */","fs.readFile = function(filename, encoding, callback) {};","","/**"," * @param {string} filename"," * @param {string=} encoding"," * @nosideeffects"," */","fs.readFileSync = function(filename, encoding) {};","","/**"," * @param {string} filename"," * @param {*} data"," * @param {string=|function(string)=} encoding"," * @param {function(string)=} callback"," */","fs.writeFile = function(filename, data, encoding, callback) {};","","/**"," * @param {string} filename"," * @param {*} data"," * @param {string=} encoding"," */","fs.writeFileSync = function(filename, data, encoding) {};","","/**"," * @param {string} filename"," * @param {*} data"," * @param {string=|function(string)=} encoding"," * @param {function(string)=} callback"," */","fs.appendFile = function(filename, data, encoding, callback) {};","","/**"," * @param {string} filename"," * @param {*} data"," * @param {string=|function(string)=} encoding"," */","fs.appendFileSync = function(filename, data, encoding) {};","","/**"," * @param {string} filename"," * @param {{persistent: boolean, interval: number}=|function(*,*)} options"," * @param {function(*,*)=} listener"," */","fs.watchFile = function(filename, options, listener) {};","","/**"," * @param {string} filename"," * @param {function=} listener"," */","fs.unwatchFile = function(filename, listener) {};","","/**"," * "," * @param {string} filename"," * @param {{persistent: boolean}=|function(string, string)} options"," * @param {function(string, string)=} listener"," * @return {fs.FSWatcher}"," */","fs.watch = function(filename, options, listener) {};","","/**"," * @param {string} path"," * @param {function(boolean)} callback"," * @nosideeffects"," */","fs.exists = function(path, callback) {};","","/**"," * @param {string} path"," * @nosideeffects"," */","fs.existsSync = function(path) {};","","/**"," * @constructor"," */","fs.Stats = function() {};","","/**"," * @return {boolean}"," * @nosideeffects"," */","fs.Stats.prototype.isFile = function() {};","","/**"," * @return {boolean}"," * @nosideeffects"," */","fs.Stats.prototype.isDirectory = function() {};","","/**"," * @return {boolean}"," * @nosideeffects"," */","fs.Stats.prototype.isBlockDevice = function() {};","","/**"," * @return {boolean}"," * @nosideeffects"," */","fs.Stats.prototype.isCharacterDevice = function() {};","","/**"," * @return {boolean}"," * @nosideeffects"," */","fs.Stats.prototype.isSymbolicLink = function() {};","","/**"," * @return {boolean}"," * @nosideeffects"," */","fs.Stats.prototype.isFIFO = function() {};","","/**"," * @return {boolean}"," * @nosideeffects"," */","fs.Stats.prototype.isSocket = function() {};","","/**"," * @type {number}"," */","fs.Stats.prototype.dev = 0;","","/**"," * @type {number}"," */","fs.Stats.prototype.ino = 0;","","/**"," * @type {number}"," */","fs.Stats.prototype.mode = 0;","","/**"," * @type {number}"," */","fs.Stats.prototype.nlink = 0;","","/**"," * @type {number}"," */","fs.Stats.prototype.uid = 0;","","/**"," * @type {number}"," */","fs.Stats.prototype.gid = 0;","","/**"," * @type {number}"," */","fs.Stats.prototype.rdev = 0;","","/**"," * @type {number}"," */","fs.Stats.prototype.size = 0;","","/**"," * @type {number}"," */","fs.Stats.prototype.blkSize = 0;","","/**"," * @type {number}"," */","fs.Stats.prototype.blocks = 0;","","/**"," * @type {Date}"," */","fs.Stats.prototype.atime = 0;","","/**"," * @type {Date}"," */","fs.Stats.prototype.mtime = 0;","","/**"," * @type {Date}"," */","fs.Stats.prototype.ctime = 0;","","/**"," * @param {string} path"," * @param {{flags: string, encoding: ?string, fd: *, mode: number, bufferSize: number}=} options"," * @nosideeffects"," */","fs.createReadStream = function(path, options) {};","","/**"," * @constructor"," * @extends {stream.ReadableStream}"," */","fs.ReadStream = function() {};","","/**"," * @param {string} path"," * @param {{flags: string, encoding: ?string, mode: number}=} options"," * @nosideeffects"," */","fs.createWriteStream = function(path, options) {};","","/**"," * @constructor"," * @extends {stream.WritableStream}"," */","fs.WriteStream = function() {};","","/**"," * @param {string} event"," * @param {function(...)} callback"," */","fs.WriteStream.prototype.on = function(event, callback) {};","","/**"," * @constructor"," */","fs.FSWatcher = function() {};","","/**"," */","fs.FSWatcher.prototype.close = function() {};","","/**"," * @param {string} event"," * @param {function(...)} callback"," */","fs.FSWatcher.prototype.on = function(event, callback) {};",""],"l":{"30":1,"37":1,"43":1,"50":1,"56":1,"64":1,"71":1,"79":1,"86":1,"94":1,"101":1,"108":1,"114":1,"121":1,"127":1,"134":1,"140":1,"147":1,"154":1,"161":1,"168":1,"175":1,"182":1,"189":1,"195":1,"203":1,"210":1,"217":1,"224":1,"232":1,"240":1,"246":1,"251":1,"257":1,"262":1,"269":1,"275":1,"282":1,"289":1,"295":1,"300":1,"309":1,"318":1,"327":1,"335":1,"344":1,"352":1,"358":1,"363":1,"373":1,"383":1,"394":1,"405":1,"413":1,"420":1,"428":1,"435":1,"443":1,"450":1,"457":1,"463":1,"472":1,"479":1,"485":1,"490":1,"496":1,"502":1,"508":1,"514":1,"520":1,"526":1,"532":1,"537":1,"542":1,"547":1,"552":1,"557":1,"562":1,"567":1,"572":1,"577":1,"582":1,"587":1,"592":1,"597":1,"604":1,"610":1,"617":1,"623":1,"629":1,"634":1,"638":1,"644":1}}}